{"C:\\ITMO\\Semester 5\\Fin_Dash_CICD\\fd\\backend\\services\\AlphaVantageService.js": {"path":"C:\\ITMO\\Semester 5\\Fin_Dash_CICD\\fd\\backend\\services\\AlphaVantageService.js","statementMap":{"0":{"start":{"line":7,"column":4},"end":{"line":7,"column":62}},"1":{"start":{"line":8,"column":4},"end":{"line":8,"column":55}},"2":{"start":{"line":17,"column":4},"end":{"line":55,"column":5}},"3":{"start":{"line":18,"column":18},"end":{"line":18,"column":96}},"4":{"start":{"line":20,"column":23},"end":{"line":20,"column":39}},"5":{"start":{"line":21,"column":19},"end":{"line":21,"column":40}},"6":{"start":{"line":23,"column":6},"end":{"line":27,"column":7}},"7":{"start":{"line":24,"column":8},"end":{"line":26,"column":10}},"8":{"start":{"line":29,"column":20},"end":{"line":29,"column":40}},"9":{"start":{"line":30,"column":6},"end":{"line":32,"column":7}},"10":{"start":{"line":31,"column":8},"end":{"line":31,"column":55}},"11":{"start":{"line":34,"column":6},"end":{"line":46,"column":8}},"12":{"start":{"line":48,"column":6},"end":{"line":48,"column":66}},"13":{"start":{"line":49,"column":19},"end":{"line":49,"column":44}},"14":{"start":{"line":50,"column":6},"end":{"line":54,"column":8}},"15":{"start":{"line":65,"column":4},"end":{"line":115,"column":5}},"16":{"start":{"line":66,"column":25},"end":{"line":66,"column":44}},"17":{"start":{"line":67,"column":6},"end":{"line":73,"column":7}},"18":{"start":{"line":68,"column":8},"end":{"line":68,"column":44}},"19":{"start":{"line":69,"column":13},"end":{"line":73,"column":7}},"20":{"start":{"line":70,"column":8},"end":{"line":70,"column":45}},"21":{"start":{"line":71,"column":13},"end":{"line":73,"column":7}},"22":{"start":{"line":72,"column":8},"end":{"line":72,"column":46}},"23":{"start":{"line":75,"column":18},"end":{"line":79,"column":8}},"24":{"start":{"line":81,"column":23},"end":{"line":81,"column":39}},"25":{"start":{"line":82,"column":19},"end":{"line":82,"column":40}},"26":{"start":{"line":84,"column":6},"end":{"line":88,"column":7}},"27":{"start":{"line":85,"column":8},"end":{"line":87,"column":10}},"28":{"start":{"line":90,"column":28},"end":{"line":92,"column":7}},"29":{"start":{"line":91,"column":8},"end":{"line":91,"column":35}},"30":{"start":{"line":93,"column":6},"end":{"line":95,"column":7}},"31":{"start":{"line":94,"column":8},"end":{"line":94,"column":53}},"32":{"start":{"line":97,"column":25},"end":{"line":97,"column":44}},"33":{"start":{"line":98,"column":23},"end":{"line":98,"column":46}},"34":{"start":{"line":100,"column":6},"end":{"line":107,"column":8}},"35":{"start":{"line":109,"column":6},"end":{"line":109,"column":71}},"36":{"start":{"line":110,"column":6},"end":{"line":114,"column":8}},"37":{"start":{"line":124,"column":4},"end":{"line":158,"column":5}},"38":{"start":{"line":125,"column":18},"end":{"line":125,"column":101}},"39":{"start":{"line":127,"column":23},"end":{"line":127,"column":39}},"40":{"start":{"line":128,"column":19},"end":{"line":128,"column":40}},"41":{"start":{"line":130,"column":6},"end":{"line":134,"column":7}},"42":{"start":{"line":131,"column":8},"end":{"line":133,"column":10}},"43":{"start":{"line":136,"column":26},"end":{"line":136,"column":51}},"44":{"start":{"line":138,"column":6},"end":{"line":150,"column":8}},"45":{"start":{"line":140,"column":45},"end":{"line":149,"column":9}},"46":{"start":{"line":152,"column":6},"end":{"line":152,"column":70}},"47":{"start":{"line":153,"column":6},"end":{"line":157,"column":8}},"48":{"start":{"line":167,"column":19},"end":{"line":167,"column":21}},"49":{"start":{"line":168,"column":19},"end":{"line":168,"column":21}},"50":{"start":{"line":171,"column":4},"end":{"line":180,"column":5}},"51":{"start":{"line":172,"column":20},"end":{"line":172,"column":47}},"52":{"start":{"line":173,"column":6},"end":{"line":177,"column":7}},"53":{"start":{"line":174,"column":8},"end":{"line":174,"column":31}},"54":{"start":{"line":176,"column":8},"end":{"line":176,"column":37}},"55":{"start":{"line":179,"column":6},"end":{"line":179,"column":63}},"56":{"start":{"line":179,"column":37},"end":{"line":179,"column":61}},"57":{"start":{"line":182,"column":4},"end":{"line":186,"column":6}},"58":{"start":{"line":191,"column":22},"end":{"line":191,"column":24}},"59":{"start":{"line":192,"column":4},"end":{"line":201,"column":5}},"60":{"start":{"line":193,"column":6},"end":{"line":200,"column":9}},"61":{"start":{"line":203,"column":4},"end":{"line":203,"column":73}},"62":{"start":{"line":203,"column":36},"end":{"line":203,"column":71}},"63":{"start":{"line":207,"column":22},"end":{"line":207,"column":46}},"64":{"start":{"line":208,"column":4},"end":{"line":220,"column":6}},"65":{"start":{"line":224,"column":17},"end":{"line":224,"column":19}},"66":{"start":{"line":225,"column":17},"end":{"line":225,"column":78}},"67":{"start":{"line":226,"column":20},"end":{"line":226,"column":23}},"68":{"start":{"line":228,"column":4},"end":{"line":241,"column":5}},"69":{"start":{"line":228,"column":17},"end":{"line":228,"column":21}},"70":{"start":{"line":229,"column":19},"end":{"line":229,"column":29}},"71":{"start":{"line":230,"column":6},"end":{"line":230,"column":39}},"72":{"start":{"line":231,"column":6},"end":{"line":231,"column":45}},"73":{"start":{"line":233,"column":6},"end":{"line":240,"column":9}},"74":{"start":{"line":243,"column":4},"end":{"line":243,"column":16}}},"fnMap":{"0":{"name":"(anonymous_0)","decl":{"start":{"line":6,"column":2},"end":{"line":6,"column":3}},"loc":{"start":{"line":6,"column":22},"end":{"line":9,"column":3}},"line":6},"1":{"name":"(anonymous_1)","decl":{"start":{"line":16,"column":2},"end":{"line":16,"column":3}},"loc":{"start":{"line":16,"column":25},"end":{"line":56,"column":3}},"line":16},"2":{"name":"(anonymous_2)","decl":{"start":{"line":64,"column":2},"end":{"line":64,"column":3}},"loc":{"start":{"line":64,"column":50},"end":{"line":116,"column":3}},"line":64},"3":{"name":"(anonymous_3)","decl":{"start":{"line":90,"column":51},"end":{"line":90,"column":52}},"loc":{"start":{"line":91,"column":8},"end":{"line":91,"column":35}},"line":91},"4":{"name":"(anonymous_4)","decl":{"start":{"line":123,"column":2},"end":{"line":123,"column":3}},"loc":{"start":{"line":123,"column":31},"end":{"line":159,"column":3}},"line":123},"5":{"name":"(anonymous_5)","decl":{"start":{"line":140,"column":33},"end":{"line":140,"column":34}},"loc":{"start":{"line":140,"column":45},"end":{"line":149,"column":9}},"line":140},"6":{"name":"(anonymous_6)","decl":{"start":{"line":166,"column":2},"end":{"line":166,"column":3}},"loc":{"start":{"line":166,"column":35},"end":{"line":187,"column":3}},"line":166},"7":{"name":"(anonymous_7)","decl":{"start":{"line":179,"column":24},"end":{"line":179,"column":25}},"loc":{"start":{"line":179,"column":37},"end":{"line":179,"column":61}},"line":179},"8":{"name":"(anonymous_8)","decl":{"start":{"line":190,"column":2},"end":{"line":190,"column":3}},"loc":{"start":{"line":190,"column":35},"end":{"line":204,"column":3}},"line":190},"9":{"name":"(anonymous_9)","decl":{"start":{"line":203,"column":26},"end":{"line":203,"column":27}},"loc":{"start":{"line":203,"column":36},"end":{"line":203,"column":71}},"line":203},"10":{"name":"(anonymous_10)","decl":{"start":{"line":206,"column":2},"end":{"line":206,"column":3}},"loc":{"start":{"line":206,"column":23},"end":{"line":221,"column":3}},"line":206},"11":{"name":"(anonymous_11)","decl":{"start":{"line":223,"column":2},"end":{"line":223,"column":3}},"loc":{"start":{"line":223,"column":38},"end":{"line":244,"column":3}},"line":223}},"branchMap":{"0":{"loc":{"start":{"line":7,"column":18},"end":{"line":7,"column":61}},"type":"binary-expr","locations":[{"start":{"line":7,"column":18},"end":{"line":7,"column":24}},{"start":{"line":7,"column":28},"end":{"line":7,"column":61}}],"line":7},"1":{"loc":{"start":{"line":23,"column":6},"end":{"line":27,"column":7}},"type":"if","locations":[{"start":{"line":23,"column":6},"end":{"line":27,"column":7}},{"start":{},"end":{}}],"line":23},"2":{"loc":{"start":{"line":23,"column":10},"end":{"line":23,"column":47}},"type":"binary-expr","locations":[{"start":{"line":23,"column":10},"end":{"line":23,"column":31}},{"start":{"line":23,"column":35},"end":{"line":23,"column":47}}],"line":23},"3":{"loc":{"start":{"line":25,"column":10},"end":{"line":25,"column":70}},"type":"binary-expr","locations":[{"start":{"line":25,"column":10},"end":{"line":25,"column":31}},{"start":{"line":25,"column":35},"end":{"line":25,"column":47}},{"start":{"line":25,"column":51},"end":{"line":25,"column":70}}],"line":25},"4":{"loc":{"start":{"line":30,"column":6},"end":{"line":32,"column":7}},"type":"if","locations":[{"start":{"line":30,"column":6},"end":{"line":32,"column":7}},{"start":{},"end":{}}],"line":30},"5":{"loc":{"start":{"line":30,"column":10},"end":{"line":30,"column":51}},"type":"binary-expr","locations":[{"start":{"line":30,"column":10},"end":{"line":30,"column":16}},{"start":{"line":30,"column":20},"end":{"line":30,"column":51}}],"line":30},"6":{"loc":{"start":{"line":64,"column":30},"end":{"line":64,"column":48}},"type":"default-arg","locations":[{"start":{"line":64,"column":41},"end":{"line":64,"column":48}}],"line":64},"7":{"loc":{"start":{"line":67,"column":6},"end":{"line":73,"column":7}},"type":"if","locations":[{"start":{"line":67,"column":6},"end":{"line":73,"column":7}},{"start":{"line":69,"column":13},"end":{"line":73,"column":7}}],"line":67},"8":{"loc":{"start":{"line":69,"column":13},"end":{"line":73,"column":7}},"type":"if","locations":[{"start":{"line":69,"column":13},"end":{"line":73,"column":7}},{"start":{"line":71,"column":13},"end":{"line":73,"column":7}}],"line":69},"9":{"loc":{"start":{"line":71,"column":13},"end":{"line":73,"column":7}},"type":"if","locations":[{"start":{"line":71,"column":13},"end":{"line":73,"column":7}},{"start":{},"end":{}}],"line":71},"10":{"loc":{"start":{"line":78,"column":8},"end":{"line":78,"column":55}},"type":"cond-expr","locations":[{"start":{"line":78,"column":34},"end":{"line":78,"column":50}},{"start":{"line":78,"column":53},"end":{"line":78,"column":55}}],"line":78},"11":{"loc":{"start":{"line":84,"column":6},"end":{"line":88,"column":7}},"type":"if","locations":[{"start":{"line":84,"column":6},"end":{"line":88,"column":7}},{"start":{},"end":{}}],"line":84},"12":{"loc":{"start":{"line":84,"column":10},"end":{"line":84,"column":47}},"type":"binary-expr","locations":[{"start":{"line":84,"column":10},"end":{"line":84,"column":31}},{"start":{"line":84,"column":35},"end":{"line":84,"column":47}}],"line":84},"13":{"loc":{"start":{"line":86,"column":10},"end":{"line":86,"column":70}},"type":"binary-expr","locations":[{"start":{"line":86,"column":10},"end":{"line":86,"column":31}},{"start":{"line":86,"column":35},"end":{"line":86,"column":47}},{"start":{"line":86,"column":51},"end":{"line":86,"column":70}}],"line":86},"14":{"loc":{"start":{"line":93,"column":6},"end":{"line":95,"column":7}},"type":"if","locations":[{"start":{"line":93,"column":6},"end":{"line":95,"column":7}},{"start":{},"end":{}}],"line":93},"15":{"loc":{"start":{"line":98,"column":23},"end":{"line":98,"column":46}},"type":"binary-expr","locations":[{"start":{"line":98,"column":23},"end":{"line":98,"column":40}},{"start":{"line":98,"column":44},"end":{"line":98,"column":46}}],"line":98},"16":{"loc":{"start":{"line":102,"column":16},"end":{"line":102,"column":47}},"type":"binary-expr","locations":[{"start":{"line":102,"column":16},"end":{"line":102,"column":37}},{"start":{"line":102,"column":41},"end":{"line":102,"column":47}}],"line":102},"17":{"loc":{"start":{"line":130,"column":6},"end":{"line":134,"column":7}},"type":"if","locations":[{"start":{"line":130,"column":6},"end":{"line":134,"column":7}},{"start":{},"end":{}}],"line":130},"18":{"loc":{"start":{"line":130,"column":10},"end":{"line":130,"column":47}},"type":"binary-expr","locations":[{"start":{"line":130,"column":10},"end":{"line":130,"column":31}},{"start":{"line":130,"column":35},"end":{"line":130,"column":47}}],"line":130},"19":{"loc":{"start":{"line":132,"column":10},"end":{"line":132,"column":70}},"type":"binary-expr","locations":[{"start":{"line":132,"column":10},"end":{"line":132,"column":31}},{"start":{"line":132,"column":35},"end":{"line":132,"column":47}},{"start":{"line":132,"column":51},"end":{"line":132,"column":70}}],"line":132},"20":{"loc":{"start":{"line":136,"column":26},"end":{"line":136,"column":51}},"type":"binary-expr","locations":[{"start":{"line":136,"column":26},"end":{"line":136,"column":45}},{"start":{"line":136,"column":49},"end":{"line":136,"column":51}}],"line":136},"21":{"loc":{"start":{"line":173,"column":6},"end":{"line":177,"column":7}},"type":"if","locations":[{"start":{"line":173,"column":6},"end":{"line":177,"column":7}},{"start":{"line":175,"column":13},"end":{"line":177,"column":7}}],"line":173},"22":{"loc":{"start":{"line":225,"column":17},"end":{"line":225,"column":78}},"type":"cond-expr","locations":[{"start":{"line":225,"column":42},"end":{"line":225,"column":44}},{"start":{"line":225,"column":47},"end":{"line":225,"column":78}}],"line":225},"23":{"loc":{"start":{"line":225,"column":47},"end":{"line":225,"column":78}},"type":"cond-expr","locations":[{"start":{"line":225,"column":71},"end":{"line":225,"column":73}},{"start":{"line":225,"column":76},"end":{"line":225,"column":78}}],"line":225}},"s":{"0":21,"1":21,"2":9,"3":9,"4":9,"5":8,"6":8,"7":3,"8":5,"9":5,"10":1,"11":4,"12":5,"13":5,"14":5,"15":6,"16":6,"17":6,"18":1,"19":5,"20":1,"21":4,"22":1,"23":6,"24":6,"25":6,"26":6,"27":1,"28":5,"29":9,"30":5,"31":1,"32":4,"33":4,"34":4,"35":2,"36":2,"37":3,"38":3,"39":3,"40":3,"41":3,"42":1,"43":2,"44":2,"45":1,"46":1,"47":1,"48":3,"49":3,"50":3,"51":4,"52":4,"53":3,"54":1,"55":4,"56":4,"57":3,"58":5,"59":5,"60":6,"61":5,"62":1,"63":6,"64":6,"65":5,"66":5,"67":5,"68":5,"69":5,"70":137,"71":137,"72":137,"73":137,"74":5},"f":{"0":21,"1":9,"2":6,"3":9,"4":3,"5":1,"6":3,"7":4,"8":5,"9":1,"10":6,"11":5},"b":{"0":[21,0],"1":[3,5],"2":[8,6],"3":[3,1,0],"4":[1,4],"5":[5,5],"6":[0],"7":[1,5],"8":[1,4],"9":[1,3],"10":[1,5],"11":[1,5],"12":[6,5],"13":[1,0,0],"14":[1,4],"15":[4,0],"16":[4,0],"17":[1,2],"18":[3,2],"19":[1,0,0],"20":[2,0],"21":[3,1],"22":[1,4],"23":[0,4]},"_coverageSchema":"1a1c01bbd47fc00a2c39e90264f33305004495a9","hash":"582931cfc4faf4ba10699035926335be0ed2c7bf"}
,"C:\\ITMO\\Semester 5\\Fin_Dash_CICD\\fd\\backend\\services\\AuthService.js": {"path":"C:\\ITMO\\Semester 5\\Fin_Dash_CICD\\fd\\backend\\services\\AuthService.js","statementMap":{"0":{"start":{"line":10,"column":4},"end":{"line":10,"column":23}},"1":{"start":{"line":20,"column":4},"end":{"line":91,"column":5}},"2":{"start":{"line":22,"column":6},"end":{"line":27,"column":7}},"3":{"start":{"line":23,"column":8},"end":{"line":26,"column":10}},"4":{"start":{"line":29,"column":6},"end":{"line":37,"column":7}},"5":{"start":{"line":33,"column":8},"end":{"line":36,"column":10}},"6":{"start":{"line":40,"column":19},"end":{"line":40,"column":52}},"7":{"start":{"line":41,"column":6},"end":{"line":45,"column":8}},"8":{"start":{"line":47,"column":6},"end":{"line":52,"column":7}},"9":{"start":{"line":48,"column":8},"end":{"line":51,"column":10}},"10":{"start":{"line":56,"column":8},"end":{"line":58,"column":31}},"11":{"start":{"line":62,"column":28},"end":{"line":64,"column":21}},"12":{"start":{"line":65,"column":29},"end":{"line":67,"column":21}},"13":{"start":{"line":68,"column":6},"end":{"line":70,"column":8}},"14":{"start":{"line":71,"column":6},"end":{"line":76,"column":7}},"15":{"start":{"line":72,"column":8},"end":{"line":75,"column":10}},"16":{"start":{"line":79,"column":6},"end":{"line":84,"column":8}},"17":{"start":{"line":86,"column":6},"end":{"line":86,"column":62}},"18":{"start":{"line":87,"column":6},"end":{"line":90,"column":8}},"19":{"start":{"line":100,"column":4},"end":{"line":113,"column":5}},"20":{"start":{"line":102,"column":6},"end":{"line":104,"column":7}},"21":{"start":{"line":103,"column":8},"end":{"line":103,"column":52}},"22":{"start":{"line":106,"column":20},"end":{"line":106,"column":79}},"23":{"start":{"line":107,"column":19},"end":{"line":107,"column":54}},"24":{"start":{"line":109,"column":6},"end":{"line":109,"column":54}},"25":{"start":{"line":111,"column":6},"end":{"line":111,"column":65}},"26":{"start":{"line":112,"column":6},"end":{"line":112,"column":18}},"27":{"start":{"line":123,"column":4},"end":{"line":177,"column":5}},"28":{"start":{"line":124,"column":6},"end":{"line":129,"column":7}},"29":{"start":{"line":125,"column":8},"end":{"line":128,"column":10}},"30":{"start":{"line":131,"column":6},"end":{"line":136,"column":7}},"31":{"start":{"line":132,"column":8},"end":{"line":135,"column":10}},"32":{"start":{"line":139,"column":27},"end":{"line":139,"column":60}},"33":{"start":{"line":140,"column":6},"end":{"line":145,"column":7}},"34":{"start":{"line":141,"column":8},"end":{"line":144,"column":10}},"35":{"start":{"line":149,"column":6},"end":{"line":157,"column":7}},"36":{"start":{"line":150,"column":24},"end":{"line":150,"column":69}},"37":{"start":{"line":151,"column":8},"end":{"line":151,"column":28}},"38":{"start":{"line":154,"column":22},"end":{"line":154,"column":77}},"39":{"start":{"line":155,"column":23},"end":{"line":155,"column":72}},"40":{"start":{"line":156,"column":8},"end":{"line":156,"column":50}},"41":{"start":{"line":159,"column":6},"end":{"line":163,"column":8}},"42":{"start":{"line":165,"column":6},"end":{"line":165,"column":58}},"43":{"start":{"line":167,"column":6},"end":{"line":172,"column":7}},"44":{"start":{"line":168,"column":8},"end":{"line":171,"column":10}},"45":{"start":{"line":173,"column":6},"end":{"line":176,"column":8}}},"fnMap":{"0":{"name":"(anonymous_0)","decl":{"start":{"line":9,"column":2},"end":{"line":9,"column":3}},"loc":{"start":{"line":9,"column":24},"end":{"line":11,"column":3}},"line":9},"1":{"name":"(anonymous_1)","decl":{"start":{"line":19,"column":2},"end":{"line":19,"column":3}},"loc":{"start":{"line":19,"column":71},"end":{"line":92,"column":3}},"line":19},"2":{"name":"(anonymous_2)","decl":{"start":{"line":99,"column":2},"end":{"line":99,"column":3}},"loc":{"start":{"line":99,"column":31},"end":{"line":114,"column":3}},"line":99},"3":{"name":"(anonymous_3)","decl":{"start":{"line":122,"column":2},"end":{"line":122,"column":3}},"loc":{"start":{"line":122,"column":38},"end":{"line":178,"column":3}},"line":122}},"branchMap":{"0":{"loc":{"start":{"line":19,"column":49},"end":{"line":19,"column":69}},"type":"default-arg","locations":[{"start":{"line":19,"column":65},"end":{"line":19,"column":69}}],"line":19},"1":{"loc":{"start":{"line":22,"column":6},"end":{"line":27,"column":7}},"type":"if","locations":[{"start":{"line":22,"column":6},"end":{"line":27,"column":7}},{"start":{},"end":{}}],"line":22},"2":{"loc":{"start":{"line":22,"column":10},"end":{"line":22,"column":45}},"type":"binary-expr","locations":[{"start":{"line":22,"column":10},"end":{"line":22,"column":16}},{"start":{"line":22,"column":20},"end":{"line":22,"column":45}}],"line":22},"3":{"loc":{"start":{"line":29,"column":6},"end":{"line":37,"column":7}},"type":"if","locations":[{"start":{"line":29,"column":6},"end":{"line":37,"column":7}},{"start":{},"end":{}}],"line":29},"4":{"loc":{"start":{"line":30,"column":8},"end":{"line":31,"column":61}},"type":"binary-expr","locations":[{"start":{"line":30,"column":9},"end":{"line":30,"column":29}},{"start":{"line":30,"column":33},"end":{"line":30,"column":72}},{"start":{"line":31,"column":9},"end":{"line":31,"column":23}},{"start":{"line":31,"column":27},"end":{"line":31,"column":60}}],"line":30},"5":{"loc":{"start":{"line":43,"column":10},"end":{"line":43,"column":38}},"type":"cond-expr","locations":[{"start":{"line":43,"column":17},"end":{"line":43,"column":24}},{"start":{"line":43,"column":27},"end":{"line":43,"column":38}}],"line":43},"6":{"loc":{"start":{"line":47,"column":6},"end":{"line":52,"column":7}},"type":"if","locations":[{"start":{"line":47,"column":6},"end":{"line":52,"column":7}},{"start":{},"end":{}}],"line":47},"7":{"loc":{"start":{"line":56,"column":8},"end":{"line":58,"column":31}},"type":"cond-expr","locations":[{"start":{"line":57,"column":12},"end":{"line":57,"column":75}},{"start":{"line":58,"column":12},"end":{"line":58,"column":31}}],"line":56},"8":{"loc":{"start":{"line":56,"column":8},"end":{"line":56,"column":58}},"type":"binary-expr","locations":[{"start":{"line":56,"column":8},"end":{"line":56,"column":21}},{"start":{"line":56,"column":25},"end":{"line":56,"column":58}}],"line":56},"9":{"loc":{"start":{"line":62,"column":28},"end":{"line":64,"column":21}},"type":"cond-expr","locations":[{"start":{"line":63,"column":10},"end":{"line":63,"column":47}},{"start":{"line":64,"column":10},"end":{"line":64,"column":21}}],"line":62},"10":{"loc":{"start":{"line":65,"column":29},"end":{"line":67,"column":21}},"type":"cond-expr","locations":[{"start":{"line":66,"column":10},"end":{"line":66,"column":42}},{"start":{"line":67,"column":10},"end":{"line":67,"column":21}}],"line":65},"11":{"loc":{"start":{"line":71,"column":6},"end":{"line":76,"column":7}},"type":"if","locations":[{"start":{"line":71,"column":6},"end":{"line":76,"column":7}},{"start":{},"end":{}}],"line":71},"12":{"loc":{"start":{"line":102,"column":6},"end":{"line":104,"column":7}},"type":"if","locations":[{"start":{"line":102,"column":6},"end":{"line":104,"column":7}},{"start":{},"end":{}}],"line":102},"13":{"loc":{"start":{"line":109,"column":13},"end":{"line":109,"column":53}},"type":"cond-expr","locations":[{"start":{"line":109,"column":39},"end":{"line":109,"column":46}},{"start":{"line":109,"column":49},"end":{"line":109,"column":53}}],"line":109},"14":{"loc":{"start":{"line":109,"column":13},"end":{"line":109,"column":36}},"type":"binary-expr","locations":[{"start":{"line":109,"column":13},"end":{"line":109,"column":17}},{"start":{"line":109,"column":21},"end":{"line":109,"column":36}}],"line":109},"15":{"loc":{"start":{"line":124,"column":6},"end":{"line":129,"column":7}},"type":"if","locations":[{"start":{"line":124,"column":6},"end":{"line":129,"column":7}},{"start":{},"end":{}}],"line":124},"16":{"loc":{"start":{"line":124,"column":10},"end":{"line":124,"column":45}},"type":"binary-expr","locations":[{"start":{"line":124,"column":10},"end":{"line":124,"column":16}},{"start":{"line":124,"column":20},"end":{"line":124,"column":45}}],"line":124},"17":{"loc":{"start":{"line":131,"column":6},"end":{"line":136,"column":7}},"type":"if","locations":[{"start":{"line":131,"column":6},"end":{"line":136,"column":7}},{"start":{},"end":{}}],"line":131},"18":{"loc":{"start":{"line":131,"column":10},"end":{"line":131,"column":59}},"type":"binary-expr","locations":[{"start":{"line":131,"column":10},"end":{"line":131,"column":23}},{"start":{"line":131,"column":27},"end":{"line":131,"column":59}}],"line":131},"19":{"loc":{"start":{"line":140,"column":6},"end":{"line":145,"column":7}},"type":"if","locations":[{"start":{"line":140,"column":6},"end":{"line":145,"column":7}},{"start":{},"end":{}}],"line":140},"20":{"loc":{"start":{"line":149,"column":6},"end":{"line":157,"column":7}},"type":"if","locations":[{"start":{"line":149,"column":6},"end":{"line":157,"column":7}},{"start":{"line":152,"column":13},"end":{"line":157,"column":7}}],"line":149},"21":{"loc":{"start":{"line":156,"column":17},"end":{"line":156,"column":49}},"type":"binary-expr","locations":[{"start":{"line":156,"column":17},"end":{"line":156,"column":32}},{"start":{"line":156,"column":36},"end":{"line":156,"column":49}}],"line":156},"22":{"loc":{"start":{"line":167,"column":6},"end":{"line":172,"column":7}},"type":"if","locations":[{"start":{"line":167,"column":6},"end":{"line":172,"column":7}},{"start":{},"end":{}}],"line":167},"23":{"loc":{"start":{"line":167,"column":10},"end":{"line":167,"column":69}},"type":"binary-expr","locations":[{"start":{"line":167,"column":10},"end":{"line":167,"column":39}},{"start":{"line":167,"column":43},"end":{"line":167,"column":69}}],"line":167},"24":{"loc":{"start":{"line":175,"column":17},"end":{"line":175,"column":54}},"type":"binary-expr","locations":[{"start":{"line":175,"column":17},"end":{"line":175,"column":30}},{"start":{"line":175,"column":34},"end":{"line":175,"column":54}}],"line":175}},"s":{"0":20,"1":8,"2":8,"3":2,"4":6,"5":1,"6":5,"7":4,"8":4,"9":1,"10":3,"11":3,"12":3,"13":3,"14":3,"15":1,"16":2,"17":1,"18":1,"19":15,"20":15,"21":14,"22":1,"23":1,"24":1,"25":2,"26":2,"27":8,"28":8,"29":1,"30":7,"31":1,"32":6,"33":6,"34":1,"35":5,"36":4,"37":1,"38":1,"39":1,"40":1,"41":2,"42":3,"43":3,"44":2,"45":1},"f":{"0":20,"1":8,"2":15,"3":8},"b":{"0":[7],"1":[2,6],"2":[8,7],"3":[1,5],"4":[6,4,2,1],"5":[3,1],"6":[1,3],"7":[1,2],"8":[3,1],"9":[3,0],"10":[3,0],"11":[1,2],"12":[14,1],"13":[1,0],"14":[1,1],"15":[1,7],"16":[8,7],"17":[1,6],"18":[7,6],"19":[1,5],"20":[4,1],"21":[1,0],"22":[2,1],"23":[3,2],"24":[1,0]},"_coverageSchema":"1a1c01bbd47fc00a2c39e90264f33305004495a9","hash":"5a53f6b104095f953e191e10e51ac2c863f0ddd0"}
,"C:\\ITMO\\Semester 5\\Fin_Dash_CICD\\fd\\backend\\services\\CoinLayerService.js": {"path":"C:\\ITMO\\Semester 5\\Fin_Dash_CICD\\fd\\backend\\services\\CoinLayerService.js","statementMap":{"0":{"start":{"line":7,"column":4},"end":{"line":7,"column":58}},"1":{"start":{"line":8,"column":4},"end":{"line":8,"column":47}},"2":{"start":{"line":17,"column":4},"end":{"line":45,"column":5}},"3":{"start":{"line":19,"column":8},"end":{"line":19,"column":65}},"4":{"start":{"line":20,"column":18},"end":{"line":20,"column":81}},"5":{"start":{"line":22,"column":23},"end":{"line":22,"column":39}},"6":{"start":{"line":23,"column":19},"end":{"line":23,"column":40}},"7":{"start":{"line":25,"column":6},"end":{"line":27,"column":7}},"8":{"start":{"line":26,"column":8},"end":{"line":26,"column":74}},"9":{"start":{"line":29,"column":6},"end":{"line":34,"column":8}},"10":{"start":{"line":36,"column":6},"end":{"line":36,"column":67}},"11":{"start":{"line":37,"column":6},"end":{"line":44,"column":8}},"12":{"start":{"line":53,"column":4},"end":{"line":73,"column":5}},"13":{"start":{"line":54,"column":18},"end":{"line":54,"column":133}},"14":{"start":{"line":55,"column":23},"end":{"line":55,"column":39}},"15":{"start":{"line":56,"column":19},"end":{"line":56,"column":40}},"16":{"start":{"line":58,"column":6},"end":{"line":60,"column":7}},"17":{"start":{"line":59,"column":8},"end":{"line":59,"column":18}},"18":{"start":{"line":62,"column":21},"end":{"line":62,"column":23}},"19":{"start":{"line":63,"column":6},"end":{"line":69,"column":7}},"20":{"start":{"line":64,"column":21},"end":{"line":64,"column":49}},"21":{"start":{"line":65,"column":20},"end":{"line":65,"column":70}},"22":{"start":{"line":66,"column":8},"end":{"line":68,"column":9}},"23":{"start":{"line":67,"column":10},"end":{"line":67,"column":29}},"24":{"start":{"line":70,"column":6},"end":{"line":70,"column":20}},"25":{"start":{"line":72,"column":6},"end":{"line":72,"column":16}},"26":{"start":{"line":83,"column":4},"end":{"line":110,"column":5}},"27":{"start":{"line":85,"column":8},"end":{"line":85,"column":65}},"28":{"start":{"line":86,"column":18},"end":{"line":86,"column":84}},"29":{"start":{"line":88,"column":23},"end":{"line":88,"column":39}},"30":{"start":{"line":89,"column":19},"end":{"line":89,"column":40}},"31":{"start":{"line":91,"column":6},"end":{"line":93,"column":7}},"32":{"start":{"line":92,"column":8},"end":{"line":92,"column":80}},"33":{"start":{"line":95,"column":6},"end":{"line":100,"column":8}},"34":{"start":{"line":102,"column":6},"end":{"line":102,"column":73}},"35":{"start":{"line":103,"column":6},"end":{"line":109,"column":8}},"36":{"start":{"line":122,"column":4},"end":{"line":199,"column":5}},"37":{"start":{"line":123,"column":20},"end":{"line":123,"column":57}},"38":{"start":{"line":126,"column":29},"end":{"line":126,"column":85}},"39":{"start":{"line":127,"column":6},"end":{"line":135,"column":7}},"40":{"start":{"line":128,"column":8},"end":{"line":134,"column":10}},"41":{"start":{"line":138,"column":21},"end":{"line":138,"column":25}},"42":{"start":{"line":139,"column":6},"end":{"line":144,"column":21}},"43":{"start":{"line":140,"column":21},"end":{"line":140,"column":54}},"44":{"start":{"line":141,"column":8},"end":{"line":143,"column":9}},"45":{"start":{"line":142,"column":10},"end":{"line":142,"column":40}},"46":{"start":{"line":146,"column":23},"end":{"line":146,"column":25}},"47":{"start":{"line":147,"column":6},"end":{"line":154,"column":7}},"48":{"start":{"line":148,"column":21},"end":{"line":148,"column":66}},"49":{"start":{"line":149,"column":20},"end":{"line":149,"column":52}},"50":{"start":{"line":150,"column":21},"end":{"line":150,"column":68}},"51":{"start":{"line":151,"column":8},"end":{"line":153,"column":9}},"52":{"start":{"line":152,"column":10},"end":{"line":152,"column":32}},"53":{"start":{"line":157,"column":20},"end":{"line":157,"column":22}},"54":{"start":{"line":158,"column":21},"end":{"line":158,"column":29}},"55":{"start":{"line":159,"column":6},"end":{"line":164,"column":7}},"56":{"start":{"line":160,"column":8},"end":{"line":162,"column":9}},"57":{"start":{"line":161,"column":10},"end":{"line":161,"column":36}},"58":{"start":{"line":163,"column":8},"end":{"line":163,"column":49}},"59":{"start":{"line":166,"column":22},"end":{"line":166,"column":30}},"60":{"start":{"line":167,"column":6},"end":{"line":175,"column":7}},"61":{"start":{"line":167,"column":19},"end":{"line":167,"column":35}},"62":{"start":{"line":168,"column":21},"end":{"line":168,"column":29}},"63":{"start":{"line":169,"column":8},"end":{"line":171,"column":9}},"64":{"start":{"line":170,"column":10},"end":{"line":170,"column":37}},"65":{"start":{"line":172,"column":8},"end":{"line":174,"column":9}},"66":{"start":{"line":173,"column":10},"end":{"line":173,"column":34}},"67":{"start":{"line":178,"column":23},"end":{"line":178,"column":58}},"68":{"start":{"line":179,"column":6},"end":{"line":183,"column":7}},"69":{"start":{"line":180,"column":8},"end":{"line":182,"column":9}},"70":{"start":{"line":181,"column":10},"end":{"line":181,"column":50}},"71":{"start":{"line":185,"column":6},"end":{"line":191,"column":8}},"72":{"start":{"line":193,"column":6},"end":{"line":193,"column":68}},"73":{"start":{"line":194,"column":6},"end":{"line":198,"column":8}},"74":{"start":{"line":207,"column":4},"end":{"line":228,"column":5}},"75":{"start":{"line":208,"column":18},"end":{"line":208,"column":66}},"76":{"start":{"line":210,"column":23},"end":{"line":210,"column":39}},"77":{"start":{"line":211,"column":19},"end":{"line":211,"column":40}},"78":{"start":{"line":213,"column":6},"end":{"line":215,"column":7}},"79":{"start":{"line":214,"column":8},"end":{"line":214,"column":79}},"80":{"start":{"line":217,"column":6},"end":{"line":220,"column":8}},"81":{"start":{"line":222,"column":6},"end":{"line":222,"column":72}},"82":{"start":{"line":223,"column":6},"end":{"line":227,"column":8}},"83":{"start":{"line":233,"column":18},"end":{"line":233,"column":20}},"84":{"start":{"line":234,"column":25},"end":{"line":234,"column":57}},"85":{"start":{"line":235,"column":25},"end":{"line":235,"column":55}},"86":{"start":{"line":236,"column":18},"end":{"line":236,"column":42}},"87":{"start":{"line":237,"column":16},"end":{"line":237,"column":40}},"88":{"start":{"line":238,"column":20},"end":{"line":238,"column":35}},"89":{"start":{"line":240,"column":4},"end":{"line":246,"column":5}},"90":{"start":{"line":241,"column":16},"end":{"line":241,"column":37}},"91":{"start":{"line":242,"column":16},"end":{"line":242,"column":63}},"92":{"start":{"line":243,"column":16},"end":{"line":243,"column":58}},"93":{"start":{"line":244,"column":6},"end":{"line":244,"column":35}},"94":{"start":{"line":245,"column":6},"end":{"line":245,"column":45}},"95":{"start":{"line":248,"column":4},"end":{"line":248,"column":17}},"96":{"start":{"line":252,"column":22},"end":{"line":265,"column":5}},"97":{"start":{"line":267,"column":4},"end":{"line":269,"column":5}},"98":{"start":{"line":268,"column":6},"end":{"line":268,"column":23}},"99":{"start":{"line":271,"column":21},"end":{"line":271,"column":23}},"100":{"start":{"line":272,"column":4},"end":{"line":276,"column":7}},"101":{"start":{"line":273,"column":6},"end":{"line":275,"column":7}},"102":{"start":{"line":274,"column":8},"end":{"line":274,"column":45}},"103":{"start":{"line":278,"column":4},"end":{"line":278,"column":20}},"104":{"start":{"line":282,"column":4},"end":{"line":290,"column":6}}},"fnMap":{"0":{"name":"(anonymous_0)","decl":{"start":{"line":6,"column":2},"end":{"line":6,"column":3}},"loc":{"start":{"line":6,"column":22},"end":{"line":9,"column":3}},"line":6},"1":{"name":"(anonymous_1)","decl":{"start":{"line":16,"column":2},"end":{"line":16,"column":3}},"loc":{"start":{"line":16,"column":35},"end":{"line":46,"column":3}},"line":16},"2":{"name":"(anonymous_2)","decl":{"start":{"line":52,"column":2},"end":{"line":52,"column":3}},"loc":{"start":{"line":52,"column":54},"end":{"line":74,"column":3}},"line":52},"3":{"name":"(anonymous_3)","decl":{"start":{"line":82,"column":2},"end":{"line":82,"column":3}},"loc":{"start":{"line":82,"column":47},"end":{"line":111,"column":3}},"line":82},"4":{"name":"(anonymous_4)","decl":{"start":{"line":121,"column":2},"end":{"line":121,"column":3}},"loc":{"start":{"line":121,"column":50},"end":{"line":200,"column":3}},"line":121},"5":{"name":"(anonymous_5)","decl":{"start":{"line":206,"column":2},"end":{"line":206,"column":3}},"loc":{"start":{"line":206,"column":28},"end":{"line":229,"column":3}},"line":206},"6":{"name":"(anonymous_6)","decl":{"start":{"line":232,"column":2},"end":{"line":232,"column":3}},"loc":{"start":{"line":232,"column":35},"end":{"line":249,"column":3}},"line":232},"7":{"name":"(anonymous_7)","decl":{"start":{"line":251,"column":2},"end":{"line":251,"column":3}},"loc":{"start":{"line":251,"column":29},"end":{"line":279,"column":3}},"line":251},"8":{"name":"(anonymous_8)","decl":{"start":{"line":272,"column":20},"end":{"line":272,"column":21}},"loc":{"start":{"line":272,"column":32},"end":{"line":276,"column":5}},"line":272},"9":{"name":"(anonymous_9)","decl":{"start":{"line":281,"column":2},"end":{"line":281,"column":3}},"loc":{"start":{"line":281,"column":26},"end":{"line":291,"column":3}},"line":281}},"branchMap":{"0":{"loc":{"start":{"line":7,"column":18},"end":{"line":7,"column":57}},"type":"binary-expr","locations":[{"start":{"line":7,"column":18},"end":{"line":7,"column":24}},{"start":{"line":7,"column":28},"end":{"line":7,"column":57}}],"line":7},"1":{"loc":{"start":{"line":16,"column":21},"end":{"line":16,"column":33}},"type":"default-arg","locations":[{"start":{"line":16,"column":31},"end":{"line":16,"column":33}}],"line":16},"2":{"loc":{"start":{"line":19,"column":8},"end":{"line":19,"column":65}},"type":"cond-expr","locations":[{"start":{"line":19,"column":29},"end":{"line":19,"column":60}},{"start":{"line":19,"column":63},"end":{"line":19,"column":65}}],"line":19},"3":{"loc":{"start":{"line":25,"column":6},"end":{"line":27,"column":7}},"type":"if","locations":[{"start":{"line":25,"column":6},"end":{"line":27,"column":7}},{"start":{},"end":{}}],"line":25},"4":{"loc":{"start":{"line":26,"column":24},"end":{"line":26,"column":72}},"type":"binary-expr","locations":[{"start":{"line":26,"column":24},"end":{"line":26,"column":40}},{"start":{"line":26,"column":44},"end":{"line":26,"column":72}}],"line":26},"5":{"loc":{"start":{"line":33,"column":16},"end":{"line":33,"column":36}},"type":"binary-expr","locations":[{"start":{"line":33,"column":16},"end":{"line":33,"column":27}},{"start":{"line":33,"column":31},"end":{"line":33,"column":36}}],"line":33},"6":{"loc":{"start":{"line":58,"column":6},"end":{"line":60,"column":7}},"type":"if","locations":[{"start":{"line":58,"column":6},"end":{"line":60,"column":7}},{"start":{},"end":{}}],"line":58},"7":{"loc":{"start":{"line":58,"column":10},"end":{"line":58,"column":38}},"type":"binary-expr","locations":[{"start":{"line":58,"column":10},"end":{"line":58,"column":23}},{"start":{"line":58,"column":27},"end":{"line":58,"column":38}}],"line":58},"8":{"loc":{"start":{"line":64,"column":21},"end":{"line":64,"column":49}},"type":"binary-expr","locations":[{"start":{"line":64,"column":21},"end":{"line":64,"column":29}},{"start":{"line":64,"column":33},"end":{"line":64,"column":49}}],"line":64},"9":{"loc":{"start":{"line":65,"column":20},"end":{"line":65,"column":70}},"type":"cond-expr","locations":[{"start":{"line":65,"column":47},"end":{"line":65,"column":51}},{"start":{"line":65,"column":54},"end":{"line":65,"column":70}}],"line":65},"10":{"loc":{"start":{"line":66,"column":8},"end":{"line":68,"column":9}},"type":"if","locations":[{"start":{"line":66,"column":8},"end":{"line":68,"column":9}},{"start":{},"end":{}}],"line":66},"11":{"loc":{"start":{"line":66,"column":12},"end":{"line":66,"column":56}},"type":"binary-expr","locations":[{"start":{"line":66,"column":12},"end":{"line":66,"column":23}},{"start":{"line":66,"column":27},"end":{"line":66,"column":45}},{"start":{"line":66,"column":49},"end":{"line":66,"column":56}}],"line":66},"12":{"loc":{"start":{"line":82,"column":33},"end":{"line":82,"column":45}},"type":"default-arg","locations":[{"start":{"line":82,"column":43},"end":{"line":82,"column":45}}],"line":82},"13":{"loc":{"start":{"line":85,"column":8},"end":{"line":85,"column":65}},"type":"cond-expr","locations":[{"start":{"line":85,"column":29},"end":{"line":85,"column":60}},{"start":{"line":85,"column":63},"end":{"line":85,"column":65}}],"line":85},"14":{"loc":{"start":{"line":91,"column":6},"end":{"line":93,"column":7}},"type":"if","locations":[{"start":{"line":91,"column":6},"end":{"line":93,"column":7}},{"start":{},"end":{}}],"line":91},"15":{"loc":{"start":{"line":92,"column":24},"end":{"line":92,"column":78}},"type":"binary-expr","locations":[{"start":{"line":92,"column":24},"end":{"line":92,"column":40}},{"start":{"line":92,"column":44},"end":{"line":92,"column":78}}],"line":92},"16":{"loc":{"start":{"line":99,"column":16},"end":{"line":99,"column":36}},"type":"binary-expr","locations":[{"start":{"line":99,"column":16},"end":{"line":99,"column":27}},{"start":{"line":99,"column":31},"end":{"line":99,"column":36}}],"line":99},"17":{"loc":{"start":{"line":127,"column":6},"end":{"line":135,"column":7}},"type":"if","locations":[{"start":{"line":127,"column":6},"end":{"line":135,"column":7}},{"start":{},"end":{}}],"line":127},"18":{"loc":{"start":{"line":141,"column":8},"end":{"line":143,"column":9}},"type":"if","locations":[{"start":{"line":141,"column":8},"end":{"line":143,"column":9}},{"start":{},"end":{}}],"line":141},"19":{"loc":{"start":{"line":141,"column":12},"end":{"line":141,"column":48}},"type":"binary-expr","locations":[{"start":{"line":141,"column":12},"end":{"line":141,"column":22}},{"start":{"line":141,"column":26},"end":{"line":141,"column":48}}],"line":141},"20":{"loc":{"start":{"line":149,"column":20},"end":{"line":149,"column":52}},"type":"binary-expr","locations":[{"start":{"line":149,"column":20},"end":{"line":149,"column":30}},{"start":{"line":149,"column":34},"end":{"line":149,"column":52}}],"line":149},"21":{"loc":{"start":{"line":150,"column":21},"end":{"line":150,"column":68}},"type":"cond-expr","locations":[{"start":{"line":150,"column":47},"end":{"line":150,"column":50}},{"start":{"line":150,"column":53},"end":{"line":150,"column":68}}],"line":150},"22":{"loc":{"start":{"line":151,"column":8},"end":{"line":153,"column":9}},"type":"if","locations":[{"start":{"line":151,"column":8},"end":{"line":153,"column":9}},{"start":{},"end":{}}],"line":151},"23":{"loc":{"start":{"line":151,"column":12},"end":{"line":151,"column":59}},"type":"binary-expr","locations":[{"start":{"line":151,"column":12},"end":{"line":151,"column":24}},{"start":{"line":151,"column":28},"end":{"line":151,"column":47}},{"start":{"line":151,"column":51},"end":{"line":151,"column":59}}],"line":151},"24":{"loc":{"start":{"line":160,"column":8},"end":{"line":162,"column":9}},"type":"if","locations":[{"start":{"line":160,"column":8},"end":{"line":162,"column":9}},{"start":{},"end":{}}],"line":160},"25":{"loc":{"start":{"line":163,"column":22},"end":{"line":163,"column":48}},"type":"binary-expr","locations":[{"start":{"line":163,"column":22},"end":{"line":163,"column":36}},{"start":{"line":163,"column":40},"end":{"line":163,"column":48}}],"line":163},"26":{"loc":{"start":{"line":169,"column":8},"end":{"line":171,"column":9}},"type":"if","locations":[{"start":{"line":169,"column":8},"end":{"line":171,"column":9}},{"start":{},"end":{}}],"line":169},"27":{"loc":{"start":{"line":172,"column":8},"end":{"line":174,"column":9}},"type":"if","locations":[{"start":{"line":172,"column":8},"end":{"line":174,"column":9}},{"start":{},"end":{}}],"line":172},"28":{"loc":{"start":{"line":172,"column":12},"end":{"line":172,"column":74}},"type":"binary-expr","locations":[{"start":{"line":172,"column":12},"end":{"line":172,"column":29}},{"start":{"line":172,"column":34},"end":{"line":172,"column":53}},{"start":{"line":172,"column":57},"end":{"line":172,"column":73}}],"line":172},"29":{"loc":{"start":{"line":180,"column":8},"end":{"line":182,"column":9}},"type":"if","locations":[{"start":{"line":180,"column":8},"end":{"line":182,"column":9}},{"start":{},"end":{}}],"line":180},"30":{"loc":{"start":{"line":180,"column":12},"end":{"line":180,"column":51}},"type":"binary-expr","locations":[{"start":{"line":180,"column":12},"end":{"line":180,"column":31}},{"start":{"line":180,"column":35},"end":{"line":180,"column":51}}],"line":180},"31":{"loc":{"start":{"line":181,"column":24},"end":{"line":181,"column":49}},"type":"binary-expr","locations":[{"start":{"line":181,"column":24},"end":{"line":181,"column":32}},{"start":{"line":181,"column":36},"end":{"line":181,"column":44}},{"start":{"line":181,"column":48},"end":{"line":181,"column":49}}],"line":181},"32":{"loc":{"start":{"line":213,"column":6},"end":{"line":215,"column":7}},"type":"if","locations":[{"start":{"line":213,"column":6},"end":{"line":215,"column":7}},{"start":{},"end":{}}],"line":213},"33":{"loc":{"start":{"line":214,"column":24},"end":{"line":214,"column":77}},"type":"binary-expr","locations":[{"start":{"line":214,"column":24},"end":{"line":214,"column":40}},{"start":{"line":214,"column":44},"end":{"line":214,"column":77}}],"line":214},"34":{"loc":{"start":{"line":219,"column":20},"end":{"line":219,"column":56}},"type":"binary-expr","locations":[{"start":{"line":219,"column":20},"end":{"line":219,"column":31}},{"start":{"line":219,"column":35},"end":{"line":219,"column":50}},{"start":{"line":219,"column":54},"end":{"line":219,"column":56}}],"line":219},"35":{"loc":{"start":{"line":251,"column":15},"end":{"line":251,"column":27}},"type":"default-arg","locations":[{"start":{"line":251,"column":25},"end":{"line":251,"column":27}}],"line":251},"36":{"loc":{"start":{"line":267,"column":4},"end":{"line":269,"column":5}},"type":"if","locations":[{"start":{"line":267,"column":4},"end":{"line":269,"column":5}},{"start":{},"end":{}}],"line":267},"37":{"loc":{"start":{"line":273,"column":6},"end":{"line":275,"column":7}},"type":"if","locations":[{"start":{"line":273,"column":6},"end":{"line":275,"column":7}},{"start":{},"end":{}}],"line":273}},"s":{"0":23,"1":23,"2":7,"3":7,"4":7,"5":7,"6":5,"7":5,"8":1,"9":4,"10":3,"11":3,"12":8,"13":8,"14":8,"15":6,"16":6,"17":3,"18":3,"19":3,"20":8,"21":8,"22":8,"23":5,"24":3,"25":2,"26":7,"27":7,"28":7,"29":7,"30":5,"31":5,"32":2,"33":3,"34":4,"35":4,"36":4,"37":4,"38":4,"39":4,"40":1,"41":3,"42":3,"43":3,"44":3,"45":3,"46":3,"47":3,"48":5,"49":5,"50":5,"51":5,"52":5,"53":3,"54":3,"55":3,"56":5,"57":5,"58":5,"59":3,"60":3,"61":3,"62":5,"63":5,"64":5,"65":5,"66":0,"67":3,"68":3,"69":5,"70":0,"71":3,"72":0,"73":0,"74":2,"75":2,"76":2,"77":2,"78":2,"79":1,"80":1,"81":1,"82":1,"83":7,"84":7,"85":7,"86":7,"87":7,"88":7,"89":7,"90":15,"91":15,"92":15,"93":15,"94":15,"95":7,"96":13,"97":13,"98":1,"99":12,"100":12,"101":13,"102":12,"103":12,"104":2},"f":{"0":23,"1":7,"2":8,"3":7,"4":4,"5":2,"6":7,"7":13,"8":13,"9":2},"b":{"0":[23,0],"1":[0],"2":[6,1],"3":[1,4],"4":[1,0],"5":[4,2],"6":[3,3],"7":[6,3],"8":[8,8],"9":[6,2],"10":[5,3],"11":[8,8,6],"12":[0],"13":[7,0],"14":[2,3],"15":[2,1],"16":[3,2],"17":[1,3],"18":[3,0],"19":[3,3],"20":[5,5],"21":[5,0],"22":[5,0],"23":[5,5,5],"24":[5,0],"25":[5,0],"26":[5,0],"27":[0,5],"28":[5,5,5],"29":[0,5],"30":[5,5],"31":[0,0,0],"32":[1,1],"33":[1,1],"34":[1,0,0],"35":[0],"36":[1,12],"37":[12,1]},"_coverageSchema":"1a1c01bbd47fc00a2c39e90264f33305004495a9","hash":"7af247e53ec7ed847ba969cfdbfd544028767fe5"}
,"C:\\ITMO\\Semester 5\\Fin_Dash_CICD\\fd\\backend\\services\\DatabaseService.js": {"path":"C:\\ITMO\\Semester 5\\Fin_Dash_CICD\\fd\\backend\\services\\DatabaseService.js","statementMap":{"0":{"start":{"line":7,"column":17},"end":{"line":7,"column":20}},"1":{"start":{"line":13,"column":21},"end":{"line":22,"column":5}},"2":{"start":{"line":25,"column":4},"end":{"line":26,"column":72}},"3":{"start":{"line":28,"column":4},"end":{"line":41,"column":5}},"4":{"start":{"line":29,"column":6},"end":{"line":29,"column":37}},"5":{"start":{"line":32,"column":6},"end":{"line":34,"column":9}},"6":{"start":{"line":33,"column":8},"end":{"line":33,"column":62}},"7":{"start":{"line":36,"column":6},"end":{"line":38,"column":8}},"8":{"start":{"line":39,"column":6},"end":{"line":39,"column":26}},"9":{"start":{"line":40,"column":6},"end":{"line":40,"column":23}},"10":{"start":{"line":46,"column":4},"end":{"line":82,"column":5}},"11":{"start":{"line":47,"column":6},"end":{"line":47,"column":22}},"12":{"start":{"line":48,"column":6},"end":{"line":48,"column":30}},"13":{"start":{"line":49,"column":6},"end":{"line":49,"column":28}},"14":{"start":{"line":53,"column":24},"end":{"line":53,"column":90}},"15":{"start":{"line":55,"column":23},"end":{"line":55,"column":89}},"16":{"start":{"line":57,"column":23},"end":{"line":57,"column":89}},"17":{"start":{"line":59,"column":6},"end":{"line":64,"column":9}},"18":{"start":{"line":66,"column":6},"end":{"line":71,"column":9}},"19":{"start":{"line":73,"column":6},"end":{"line":78,"column":9}},"20":{"start":{"line":80,"column":6},"end":{"line":80,"column":76}},"21":{"start":{"line":81,"column":6},"end":{"line":81,"column":82}},"22":{"start":{"line":87,"column":4},"end":{"line":92,"column":5}},"23":{"start":{"line":88,"column":6},"end":{"line":90,"column":8}},"24":{"start":{"line":91,"column":6},"end":{"line":91,"column":13}},"25":{"start":{"line":94,"column":4},"end":{"line":107,"column":5}},"26":{"start":{"line":95,"column":18},"end":{"line":95,"column":57}},"27":{"start":{"line":96,"column":6},"end":{"line":99,"column":8}},"28":{"start":{"line":101,"column":6},"end":{"line":104,"column":8}},"29":{"start":{"line":106,"column":6},"end":{"line":106,"column":16}},"30":{"start":{"line":112,"column":4},"end":{"line":112,"column":25}},"31":{"start":{"line":112,"column":14},"end":{"line":112,"column":25}},"32":{"start":{"line":113,"column":4},"end":{"line":118,"column":6}},"33":{"start":{"line":123,"column":4},"end":{"line":126,"column":5}},"34":{"start":{"line":124,"column":19},"end":{"line":124,"column":60}},"35":{"start":{"line":124,"column":42},"end":{"line":124,"column":59}},"36":{"start":{"line":125,"column":6},"end":{"line":125,"column":26}},"37":{"start":{"line":128,"column":4},"end":{"line":158,"column":5}},"38":{"start":{"line":129,"column":21},"end":{"line":132,"column":7}},"39":{"start":{"line":134,"column":6},"end":{"line":140,"column":7}},"40":{"start":{"line":135,"column":20},"end":{"line":135,"column":57}},"41":{"start":{"line":136,"column":8},"end":{"line":138,"column":10}},"42":{"start":{"line":139,"column":8},"end":{"line":139,"column":19}},"43":{"start":{"line":141,"column":6},"end":{"line":143,"column":8}},"44":{"start":{"line":144,"column":6},"end":{"line":144,"column":18}},"45":{"start":{"line":147,"column":6},"end":{"line":155,"column":7}},"46":{"start":{"line":148,"column":8},"end":{"line":150,"column":10}},"47":{"start":{"line":151,"column":8},"end":{"line":151,"column":33}},"48":{"start":{"line":152,"column":8},"end":{"line":152,"column":28}},"49":{"start":{"line":153,"column":21},"end":{"line":153,"column":62}},"50":{"start":{"line":153,"column":44},"end":{"line":153,"column":61}},"51":{"start":{"line":154,"column":8},"end":{"line":154,"column":28}},"52":{"start":{"line":156,"column":6},"end":{"line":156,"column":69}},"53":{"start":{"line":157,"column":6},"end":{"line":157,"column":18}},"54":{"start":{"line":162,"column":4},"end":{"line":165,"column":5}},"55":{"start":{"line":163,"column":19},"end":{"line":163,"column":54}},"56":{"start":{"line":163,"column":42},"end":{"line":163,"column":53}},"57":{"start":{"line":164,"column":6},"end":{"line":164,"column":26}},"58":{"start":{"line":167,"column":4},"end":{"line":176,"column":5}},"59":{"start":{"line":168,"column":21},"end":{"line":171,"column":7}},"60":{"start":{"line":172,"column":6},"end":{"line":172,"column":83}},"61":{"start":{"line":174,"column":6},"end":{"line":174,"column":66}},"62":{"start":{"line":175,"column":6},"end":{"line":175,"column":18}},"63":{"start":{"line":180,"column":4},"end":{"line":189,"column":5}},"64":{"start":{"line":181,"column":22},"end":{"line":186,"column":7}},"65":{"start":{"line":182,"column":46},"end":{"line":182,"column":50}},"66":{"start":{"line":187,"column":6},"end":{"line":187,"column":31}},"67":{"start":{"line":188,"column":6},"end":{"line":188,"column":21}},"68":{"start":{"line":191,"column":4},"end":{"line":216,"column":5}},"69":{"start":{"line":192,"column":21},"end":{"line":195,"column":7}},"70":{"start":{"line":196,"column":6},"end":{"line":196,"column":51}},"71":{"start":{"line":199,"column":6},"end":{"line":213,"column":7}},"72":{"start":{"line":200,"column":8},"end":{"line":202,"column":10}},"73":{"start":{"line":203,"column":8},"end":{"line":203,"column":33}},"74":{"start":{"line":204,"column":8},"end":{"line":204,"column":28}},"75":{"start":{"line":205,"column":24},"end":{"line":210,"column":9}},"76":{"start":{"line":206,"column":48},"end":{"line":206,"column":52}},"77":{"start":{"line":211,"column":8},"end":{"line":211,"column":33}},"78":{"start":{"line":212,"column":8},"end":{"line":212,"column":23}},"79":{"start":{"line":214,"column":6},"end":{"line":214,"column":64}},"80":{"start":{"line":215,"column":6},"end":{"line":215,"column":18}},"81":{"start":{"line":221,"column":4},"end":{"line":227,"column":5}},"82":{"start":{"line":222,"column":22},"end":{"line":222,"column":75}},"83":{"start":{"line":222,"column":55},"end":{"line":222,"column":74}},"84":{"start":{"line":223,"column":6},"end":{"line":225,"column":7}},"85":{"start":{"line":224,"column":8},"end":{"line":224,"column":61}},"86":{"start":{"line":224,"column":44},"end":{"line":224,"column":59}},"87":{"start":{"line":226,"column":6},"end":{"line":226,"column":23}},"88":{"start":{"line":229,"column":4},"end":{"line":246,"column":5}},"89":{"start":{"line":231,"column":8},"end":{"line":231,"column":90}},"90":{"start":{"line":232,"column":21},"end":{"line":232,"column":29}},"91":{"start":{"line":234,"column":6},"end":{"line":237,"column":7}},"92":{"start":{"line":235,"column":8},"end":{"line":235,"column":34}},"93":{"start":{"line":236,"column":8},"end":{"line":236,"column":26}},"94":{"start":{"line":239,"column":6},"end":{"line":239,"column":42}},"95":{"start":{"line":241,"column":21},"end":{"line":241,"column":57}},"96":{"start":{"line":242,"column":6},"end":{"line":242,"column":25}},"97":{"start":{"line":244,"column":6},"end":{"line":244,"column":70}},"98":{"start":{"line":245,"column":6},"end":{"line":245,"column":18}},"99":{"start":{"line":250,"column":4},"end":{"line":267,"column":5}},"100":{"start":{"line":251,"column":21},"end":{"line":253,"column":7}},"101":{"start":{"line":252,"column":15},"end":{"line":252,"column":76}},"102":{"start":{"line":254,"column":6},"end":{"line":256,"column":7}},"103":{"start":{"line":255,"column":8},"end":{"line":255,"column":20}},"104":{"start":{"line":258,"column":26},"end":{"line":264,"column":7}},"105":{"start":{"line":259,"column":54},"end":{"line":259,"column":58}},"106":{"start":{"line":265,"column":6},"end":{"line":265,"column":43}},"107":{"start":{"line":266,"column":6},"end":{"line":266,"column":25}},"108":{"start":{"line":269,"column":4},"end":{"line":289,"column":5}},"109":{"start":{"line":271,"column":26},"end":{"line":274,"column":7}},"110":{"start":{"line":276,"column":6},"end":{"line":278,"column":7}},"111":{"start":{"line":277,"column":8},"end":{"line":277,"column":20}},"112":{"start":{"line":281,"column":21},"end":{"line":284,"column":7}},"113":{"start":{"line":285,"column":6},"end":{"line":285,"column":28}},"114":{"start":{"line":287,"column":6},"end":{"line":287,"column":65}},"115":{"start":{"line":288,"column":6},"end":{"line":288,"column":18}},"116":{"start":{"line":293,"column":4},"end":{"line":302,"column":5}},"117":{"start":{"line":294,"column":20},"end":{"line":296,"column":7}},"118":{"start":{"line":295,"column":15},"end":{"line":295,"column":76}},"119":{"start":{"line":297,"column":6},"end":{"line":300,"column":7}},"120":{"start":{"line":298,"column":8},"end":{"line":298,"column":44}},"121":{"start":{"line":299,"column":8},"end":{"line":299,"column":20}},"122":{"start":{"line":301,"column":6},"end":{"line":301,"column":19}},"123":{"start":{"line":304,"column":4},"end":{"line":313,"column":5}},"124":{"start":{"line":305,"column":21},"end":{"line":308,"column":7}},"125":{"start":{"line":309,"column":6},"end":{"line":309,"column":33}},"126":{"start":{"line":311,"column":6},"end":{"line":311,"column":68}},"127":{"start":{"line":312,"column":6},"end":{"line":312,"column":18}},"128":{"start":{"line":318,"column":4},"end":{"line":327,"column":5}},"129":{"start":{"line":319,"column":24},"end":{"line":324,"column":7}},"130":{"start":{"line":320,"column":52},"end":{"line":320,"column":56}},"131":{"start":{"line":325,"column":6},"end":{"line":325,"column":39}},"132":{"start":{"line":326,"column":6},"end":{"line":326,"column":23}},"133":{"start":{"line":329,"column":4},"end":{"line":342,"column":5}},"134":{"start":{"line":330,"column":29},"end":{"line":330,"column":39}},"135":{"start":{"line":331,"column":21},"end":{"line":334,"column":7}},"136":{"start":{"line":335,"column":6},"end":{"line":338,"column":8}},"137":{"start":{"line":340,"column":6},"end":{"line":340,"column":66}},"138":{"start":{"line":341,"column":6},"end":{"line":341,"column":18}},"139":{"start":{"line":346,"column":4},"end":{"line":348,"column":5}},"140":{"start":{"line":347,"column":6},"end":{"line":347,"column":65}},"141":{"start":{"line":347,"column":44},"end":{"line":347,"column":63}},"142":{"start":{"line":350,"column":4},"end":{"line":362,"column":5}},"143":{"start":{"line":351,"column":21},"end":{"line":354,"column":7}},"144":{"start":{"line":355,"column":6},"end":{"line":358,"column":10}},"145":{"start":{"line":355,"column":39},"end":{"line":358,"column":7}},"146":{"start":{"line":360,"column":6},"end":{"line":360,"column":68}},"147":{"start":{"line":361,"column":6},"end":{"line":361,"column":18}},"148":{"start":{"line":367,"column":4},"end":{"line":383,"column":5}},"149":{"start":{"line":369,"column":6},"end":{"line":381,"column":7}},"150":{"start":{"line":370,"column":8},"end":{"line":372,"column":9}},"151":{"start":{"line":371,"column":10},"end":{"line":371,"column":65}},"152":{"start":{"line":371,"column":42},"end":{"line":371,"column":63}},"153":{"start":{"line":373,"column":8},"end":{"line":375,"column":9}},"154":{"start":{"line":374,"column":10},"end":{"line":374,"column":62}},"155":{"start":{"line":374,"column":42},"end":{"line":374,"column":60}},"156":{"start":{"line":376,"column":13},"end":{"line":381,"column":7}},"157":{"start":{"line":377,"column":8},"end":{"line":380,"column":9}},"158":{"start":{"line":378,"column":23},"end":{"line":378,"column":66}},"159":{"start":{"line":379,"column":10},"end":{"line":379,"column":39}},"160":{"start":{"line":382,"column":6},"end":{"line":382,"column":16}},"161":{"start":{"line":385,"column":4},"end":{"line":391,"column":5}},"162":{"start":{"line":386,"column":21},"end":{"line":386,"column":55}},"163":{"start":{"line":387,"column":6},"end":{"line":387,"column":25}},"164":{"start":{"line":389,"column":6},"end":{"line":389,"column":59}},"165":{"start":{"line":390,"column":6},"end":{"line":390,"column":18}},"166":{"start":{"line":396,"column":4},"end":{"line":398,"column":5}},"167":{"start":{"line":397,"column":6},"end":{"line":397,"column":28}}},"fnMap":{"0":{"name":"(anonymous_0)","decl":{"start":{"line":10,"column":2},"end":{"line":10,"column":3}},"loc":{"start":{"line":10,"column":16},"end":{"line":42,"column":3}},"line":10},"1":{"name":"(anonymous_1)","decl":{"start":{"line":32,"column":28},"end":{"line":32,"column":29}},"loc":{"start":{"line":32,"column":37},"end":{"line":34,"column":7}},"line":32},"2":{"name":"(anonymous_2)","decl":{"start":{"line":45,"column":2},"end":{"line":45,"column":3}},"loc":{"start":{"line":45,"column":17},"end":{"line":83,"column":3}},"line":45},"3":{"name":"(anonymous_3)","decl":{"start":{"line":86,"column":2},"end":{"line":86,"column":3}},"loc":{"start":{"line":86,"column":15},"end":{"line":108,"column":3}},"line":86},"4":{"name":"(anonymous_4)","decl":{"start":{"line":111,"column":2},"end":{"line":111,"column":3}},"loc":{"start":{"line":111,"column":24},"end":{"line":119,"column":3}},"line":111},"5":{"name":"(anonymous_5)","decl":{"start":{"line":122,"column":2},"end":{"line":122,"column":3}},"loc":{"start":{"line":122,"column":31},"end":{"line":159,"column":3}},"line":122},"6":{"name":"(anonymous_6)","decl":{"start":{"line":124,"column":35},"end":{"line":124,"column":36}},"loc":{"start":{"line":124,"column":42},"end":{"line":124,"column":59}},"line":124},"7":{"name":"(anonymous_7)","decl":{"start":{"line":153,"column":37},"end":{"line":153,"column":38}},"loc":{"start":{"line":153,"column":44},"end":{"line":153,"column":61}},"line":153},"8":{"name":"(anonymous_8)","decl":{"start":{"line":161,"column":2},"end":{"line":161,"column":3}},"loc":{"start":{"line":161,"column":25},"end":{"line":177,"column":3}},"line":161},"9":{"name":"(anonymous_9)","decl":{"start":{"line":163,"column":35},"end":{"line":163,"column":36}},"loc":{"start":{"line":163,"column":42},"end":{"line":163,"column":53}},"line":163},"10":{"name":"(anonymous_10)","decl":{"start":{"line":179,"column":2},"end":{"line":179,"column":3}},"loc":{"start":{"line":179,"column":40},"end":{"line":217,"column":3}},"line":179},"11":{"name":"(anonymous_11)","decl":{"start":{"line":182,"column":39},"end":{"line":182,"column":40}},"loc":{"start":{"line":182,"column":46},"end":{"line":182,"column":50}},"line":182},"12":{"name":"(anonymous_12)","decl":{"start":{"line":206,"column":41},"end":{"line":206,"column":42}},"loc":{"start":{"line":206,"column":48},"end":{"line":206,"column":52}},"line":206},"13":{"name":"(anonymous_13)","decl":{"start":{"line":220,"column":2},"end":{"line":220,"column":3}},"loc":{"start":{"line":220,"column":46},"end":{"line":247,"column":3}},"line":220},"14":{"name":"(anonymous_14)","decl":{"start":{"line":222,"column":48},"end":{"line":222,"column":49}},"loc":{"start":{"line":222,"column":55},"end":{"line":222,"column":74}},"line":222},"15":{"name":"(anonymous_15)","decl":{"start":{"line":224,"column":37},"end":{"line":224,"column":38}},"loc":{"start":{"line":224,"column":44},"end":{"line":224,"column":59}},"line":224},"16":{"name":"(anonymous_16)","decl":{"start":{"line":249,"column":2},"end":{"line":249,"column":3}},"loc":{"start":{"line":249,"column":42},"end":{"line":290,"column":3}},"line":249},"17":{"name":"(anonymous_17)","decl":{"start":{"line":252,"column":8},"end":{"line":252,"column":9}},"loc":{"start":{"line":252,"column":15},"end":{"line":252,"column":76}},"line":252},"18":{"name":"(anonymous_18)","decl":{"start":{"line":259,"column":47},"end":{"line":259,"column":48}},"loc":{"start":{"line":259,"column":54},"end":{"line":259,"column":58}},"line":259},"19":{"name":"(anonymous_19)","decl":{"start":{"line":292,"column":2},"end":{"line":292,"column":3}},"loc":{"start":{"line":292,"column":45},"end":{"line":314,"column":3}},"line":292},"20":{"name":"(anonymous_20)","decl":{"start":{"line":295,"column":8},"end":{"line":295,"column":9}},"loc":{"start":{"line":295,"column":15},"end":{"line":295,"column":76}},"line":295},"21":{"name":"(anonymous_21)","decl":{"start":{"line":317,"column":2},"end":{"line":317,"column":3}},"loc":{"start":{"line":317,"column":41},"end":{"line":343,"column":3}},"line":317},"22":{"name":"(anonymous_22)","decl":{"start":{"line":320,"column":45},"end":{"line":320,"column":46}},"loc":{"start":{"line":320,"column":52},"end":{"line":320,"column":56}},"line":320},"23":{"name":"(anonymous_23)","decl":{"start":{"line":345,"column":2},"end":{"line":345,"column":3}},"loc":{"start":{"line":345,"column":31},"end":{"line":363,"column":3}},"line":345},"24":{"name":"(anonymous_24)","decl":{"start":{"line":347,"column":37},"end":{"line":347,"column":38}},"loc":{"start":{"line":347,"column":44},"end":{"line":347,"column":63}},"line":347},"25":{"name":"(anonymous_25)","decl":{"start":{"line":355,"column":29},"end":{"line":355,"column":30}},"loc":{"start":{"line":355,"column":39},"end":{"line":358,"column":7}},"line":355},"26":{"name":"(anonymous_26)","decl":{"start":{"line":366,"column":2},"end":{"line":366,"column":3}},"loc":{"start":{"line":366,"column":27},"end":{"line":392,"column":3}},"line":366},"27":{"name":"(anonymous_27)","decl":{"start":{"line":371,"column":35},"end":{"line":371,"column":36}},"loc":{"start":{"line":371,"column":42},"end":{"line":371,"column":63}},"line":371},"28":{"name":"(anonymous_28)","decl":{"start":{"line":374,"column":35},"end":{"line":374,"column":36}},"loc":{"start":{"line":374,"column":42},"end":{"line":374,"column":60}},"line":374},"29":{"name":"(anonymous_29)","decl":{"start":{"line":395,"column":2},"end":{"line":395,"column":3}},"loc":{"start":{"line":395,"column":16},"end":{"line":399,"column":3}},"line":395}},"branchMap":{"0":{"loc":{"start":{"line":26,"column":6},"end":{"line":26,"column":71}},"type":"binary-expr","locations":[{"start":{"line":26,"column":6},"end":{"line":26,"column":25}},{"start":{"line":26,"column":29},"end":{"line":26,"column":48}},{"start":{"line":26,"column":52},"end":{"line":26,"column":71}}],"line":26},"1":{"loc":{"start":{"line":28,"column":4},"end":{"line":41,"column":5}},"type":"if","locations":[{"start":{"line":28,"column":4},"end":{"line":41,"column":5}},{"start":{"line":35,"column":11},"end":{"line":41,"column":5}}],"line":28},"2":{"loc":{"start":{"line":46,"column":4},"end":{"line":82,"column":5}},"type":"if","locations":[{"start":{"line":46,"column":4},"end":{"line":82,"column":5}},{"start":{},"end":{}}],"line":46},"3":{"loc":{"start":{"line":87,"column":4},"end":{"line":92,"column":5}},"type":"if","locations":[{"start":{"line":87,"column":4},"end":{"line":92,"column":5}},{"start":{},"end":{}}],"line":87},"4":{"loc":{"start":{"line":98,"column":8},"end":{"line":98,"column":26}},"type":"cond-expr","locations":[{"start":{"line":98,"column":14},"end":{"line":98,"column":18}},{"start":{"line":98,"column":21},"end":{"line":98,"column":26}}],"line":98},"5":{"loc":{"start":{"line":103,"column":8},"end":{"line":103,"column":26}},"type":"binary-expr","locations":[{"start":{"line":103,"column":8},"end":{"line":103,"column":19}},{"start":{"line":103,"column":23},"end":{"line":103,"column":26}}],"line":103},"6":{"loc":{"start":{"line":112,"column":4},"end":{"line":112,"column":25}},"type":"if","locations":[{"start":{"line":112,"column":4},"end":{"line":112,"column":25}},{"start":{},"end":{}}],"line":112},"7":{"loc":{"start":{"line":116,"column":20},"end":{"line":116,"column":77}},"type":"binary-expr","locations":[{"start":{"line":116,"column":20},"end":{"line":116,"column":36}},{"start":{"line":116,"column":40},"end":{"line":116,"column":56}},{"start":{"line":116,"column":60},"end":{"line":116,"column":77}}],"line":116},"8":{"loc":{"start":{"line":117,"column":17},"end":{"line":117,"column":65}},"type":"binary-expr","locations":[{"start":{"line":117,"column":17},"end":{"line":117,"column":30}},{"start":{"line":117,"column":34},"end":{"line":117,"column":47}},{"start":{"line":117,"column":51},"end":{"line":117,"column":65}}],"line":117},"9":{"loc":{"start":{"line":123,"column":4},"end":{"line":126,"column":5}},"type":"if","locations":[{"start":{"line":123,"column":4},"end":{"line":126,"column":5}},{"start":{},"end":{}}],"line":123},"10":{"loc":{"start":{"line":125,"column":13},"end":{"line":125,"column":25}},"type":"binary-expr","locations":[{"start":{"line":125,"column":13},"end":{"line":125,"column":17}},{"start":{"line":125,"column":21},"end":{"line":125,"column":25}}],"line":125},"11":{"loc":{"start":{"line":134,"column":6},"end":{"line":140,"column":7}},"type":"if","locations":[{"start":{"line":134,"column":6},"end":{"line":140,"column":7}},{"start":{},"end":{}}],"line":134},"12":{"loc":{"start":{"line":147,"column":6},"end":{"line":155,"column":7}},"type":"if","locations":[{"start":{"line":147,"column":6},"end":{"line":155,"column":7}},{"start":{},"end":{}}],"line":147},"13":{"loc":{"start":{"line":147,"column":10},"end":{"line":147,"column":69}},"type":"binary-expr","locations":[{"start":{"line":147,"column":10},"end":{"line":147,"column":39}},{"start":{"line":147,"column":43},"end":{"line":147,"column":69}}],"line":147},"14":{"loc":{"start":{"line":154,"column":15},"end":{"line":154,"column":27}},"type":"binary-expr","locations":[{"start":{"line":154,"column":15},"end":{"line":154,"column":19}},{"start":{"line":154,"column":23},"end":{"line":154,"column":27}}],"line":154},"15":{"loc":{"start":{"line":162,"column":4},"end":{"line":165,"column":5}},"type":"if","locations":[{"start":{"line":162,"column":4},"end":{"line":165,"column":5}},{"start":{},"end":{}}],"line":162},"16":{"loc":{"start":{"line":164,"column":13},"end":{"line":164,"column":25}},"type":"binary-expr","locations":[{"start":{"line":164,"column":13},"end":{"line":164,"column":17}},{"start":{"line":164,"column":21},"end":{"line":164,"column":25}}],"line":164},"17":{"loc":{"start":{"line":172,"column":13},"end":{"line":172,"column":82}},"type":"cond-expr","locations":[{"start":{"line":172,"column":38},"end":{"line":172,"column":75}},{"start":{"line":172,"column":78},"end":{"line":172,"column":82}}],"line":172},"18":{"loc":{"start":{"line":180,"column":4},"end":{"line":189,"column":5}},"type":"if","locations":[{"start":{"line":180,"column":4},"end":{"line":189,"column":5}},{"start":{},"end":{}}],"line":180},"19":{"loc":{"start":{"line":199,"column":6},"end":{"line":213,"column":7}},"type":"if","locations":[{"start":{"line":199,"column":6},"end":{"line":213,"column":7}},{"start":{},"end":{}}],"line":199},"20":{"loc":{"start":{"line":199,"column":10},"end":{"line":199,"column":69}},"type":"binary-expr","locations":[{"start":{"line":199,"column":10},"end":{"line":199,"column":39}},{"start":{"line":199,"column":43},"end":{"line":199,"column":69}}],"line":199},"21":{"loc":{"start":{"line":220,"column":33},"end":{"line":220,"column":44}},"type":"default-arg","locations":[{"start":{"line":220,"column":40},"end":{"line":220,"column":44}}],"line":220},"22":{"loc":{"start":{"line":221,"column":4},"end":{"line":227,"column":5}},"type":"if","locations":[{"start":{"line":221,"column":4},"end":{"line":227,"column":5}},{"start":{},"end":{}}],"line":221},"23":{"loc":{"start":{"line":223,"column":6},"end":{"line":225,"column":7}},"type":"if","locations":[{"start":{"line":223,"column":6},"end":{"line":225,"column":7}},{"start":{},"end":{}}],"line":223},"24":{"loc":{"start":{"line":234,"column":6},"end":{"line":237,"column":7}},"type":"if","locations":[{"start":{"line":234,"column":6},"end":{"line":237,"column":7}},{"start":{},"end":{}}],"line":234},"25":{"loc":{"start":{"line":250,"column":4},"end":{"line":267,"column":5}},"type":"if","locations":[{"start":{"line":250,"column":4},"end":{"line":267,"column":5}},{"start":{},"end":{}}],"line":250},"26":{"loc":{"start":{"line":252,"column":15},"end":{"line":252,"column":76}},"type":"binary-expr","locations":[{"start":{"line":252,"column":15},"end":{"line":252,"column":34}},{"start":{"line":252,"column":38},"end":{"line":252,"column":53}},{"start":{"line":252,"column":57},"end":{"line":252,"column":76}}],"line":252},"27":{"loc":{"start":{"line":254,"column":6},"end":{"line":256,"column":7}},"type":"if","locations":[{"start":{"line":254,"column":6},"end":{"line":256,"column":7}},{"start":{},"end":{}}],"line":254},"28":{"loc":{"start":{"line":276,"column":6},"end":{"line":278,"column":7}},"type":"if","locations":[{"start":{"line":276,"column":6},"end":{"line":278,"column":7}},{"start":{},"end":{}}],"line":276},"29":{"loc":{"start":{"line":293,"column":4},"end":{"line":302,"column":5}},"type":"if","locations":[{"start":{"line":293,"column":4},"end":{"line":302,"column":5}},{"start":{},"end":{}}],"line":293},"30":{"loc":{"start":{"line":295,"column":15},"end":{"line":295,"column":76}},"type":"binary-expr","locations":[{"start":{"line":295,"column":15},"end":{"line":295,"column":34}},{"start":{"line":295,"column":38},"end":{"line":295,"column":53}},{"start":{"line":295,"column":57},"end":{"line":295,"column":76}}],"line":295},"31":{"loc":{"start":{"line":297,"column":6},"end":{"line":300,"column":7}},"type":"if","locations":[{"start":{"line":297,"column":6},"end":{"line":300,"column":7}},{"start":{},"end":{}}],"line":297},"32":{"loc":{"start":{"line":318,"column":4},"end":{"line":327,"column":5}},"type":"if","locations":[{"start":{"line":318,"column":4},"end":{"line":327,"column":5}},{"start":{},"end":{}}],"line":318},"33":{"loc":{"start":{"line":346,"column":4},"end":{"line":348,"column":5}},"type":"if","locations":[{"start":{"line":346,"column":4},"end":{"line":348,"column":5}},{"start":{},"end":{}}],"line":346},"34":{"loc":{"start":{"line":357,"column":14},"end":{"line":357,"column":76}},"type":"cond-expr","locations":[{"start":{"line":357,"column":45},"end":{"line":357,"column":65}},{"start":{"line":357,"column":68},"end":{"line":357,"column":76}}],"line":357},"35":{"loc":{"start":{"line":367,"column":4},"end":{"line":383,"column":5}},"type":"if","locations":[{"start":{"line":367,"column":4},"end":{"line":383,"column":5}},{"start":{},"end":{}}],"line":367},"36":{"loc":{"start":{"line":369,"column":6},"end":{"line":381,"column":7}},"type":"if","locations":[{"start":{"line":369,"column":6},"end":{"line":381,"column":7}},{"start":{"line":376,"column":13},"end":{"line":381,"column":7}}],"line":369},"37":{"loc":{"start":{"line":370,"column":8},"end":{"line":372,"column":9}},"type":"if","locations":[{"start":{"line":370,"column":8},"end":{"line":372,"column":9}},{"start":{},"end":{}}],"line":370},"38":{"loc":{"start":{"line":370,"column":12},"end":{"line":370,"column":69}},"type":"binary-expr","locations":[{"start":{"line":370,"column":12},"end":{"line":370,"column":38}},{"start":{"line":370,"column":42},"end":{"line":370,"column":69}}],"line":370},"39":{"loc":{"start":{"line":373,"column":8},"end":{"line":375,"column":9}},"type":"if","locations":[{"start":{"line":373,"column":8},"end":{"line":375,"column":9}},{"start":{},"end":{}}],"line":373},"40":{"loc":{"start":{"line":373,"column":12},"end":{"line":373,"column":66}},"type":"binary-expr","locations":[{"start":{"line":373,"column":12},"end":{"line":373,"column":38}},{"start":{"line":373,"column":42},"end":{"line":373,"column":66}}],"line":373},"41":{"loc":{"start":{"line":376,"column":13},"end":{"line":381,"column":7}},"type":"if","locations":[{"start":{"line":376,"column":13},"end":{"line":381,"column":7}},{"start":{},"end":{}}],"line":376},"42":{"loc":{"start":{"line":377,"column":8},"end":{"line":380,"column":9}},"type":"if","locations":[{"start":{"line":377,"column":8},"end":{"line":380,"column":9}},{"start":{},"end":{}}],"line":377},"43":{"loc":{"start":{"line":396,"column":4},"end":{"line":398,"column":5}},"type":"if","locations":[{"start":{"line":396,"column":4},"end":{"line":398,"column":5}},{"start":{},"end":{}}],"line":396}},"s":{"0":1,"1":28,"2":28,"3":28,"4":0,"5":0,"6":0,"7":28,"8":28,"9":28,"10":29,"11":28,"12":28,"13":28,"14":28,"15":28,"16":28,"17":28,"18":28,"19":28,"20":28,"21":28,"22":0,"23":0,"24":0,"25":0,"26":0,"27":0,"28":0,"29":0,"30":4,"31":1,"32":3,"33":2,"34":2,"35":4,"36":2,"37":0,"38":0,"39":0,"40":0,"41":0,"42":0,"43":0,"44":0,"45":0,"46":0,"47":0,"48":0,"49":0,"50":0,"51":0,"52":0,"53":0,"54":2,"55":2,"56":4,"57":2,"58":0,"59":0,"60":0,"61":0,"62":0,"63":4,"64":4,"65":13,"66":4,"67":4,"68":0,"69":0,"70":0,"71":0,"72":0,"73":0,"74":0,"75":0,"76":0,"77":0,"78":0,"79":0,"80":0,"81":4,"82":4,"83":3,"84":4,"85":1,"86":2,"87":4,"88":0,"89":0,"90":0,"91":0,"92":0,"93":0,"94":0,"95":0,"96":0,"97":0,"98":0,"99":7,"100":7,"101":2,"102":7,"103":1,"104":6,"105":1,"106":6,"107":6,"108":0,"109":0,"110":0,"111":0,"112":0,"113":0,"114":0,"115":0,"116":2,"117":2,"118":1,"119":2,"120":1,"121":1,"122":1,"123":0,"124":0,"125":0,"126":0,"127":0,"128":2,"129":2,"130":0,"131":2,"132":2,"133":0,"134":0,"135":0,"136":0,"137":0,"138":0,"139":2,"140":2,"141":1,"142":0,"143":0,"144":0,"145":0,"146":0,"147":0,"148":3,"149":3,"150":1,"151":1,"152":3,"153":0,"154":0,"155":0,"156":2,"157":1,"158":1,"159":1,"160":1,"161":0,"162":0,"163":0,"164":0,"165":0,"166":1,"167":0},"f":{"0":28,"1":0,"2":29,"3":0,"4":4,"5":2,"6":4,"7":0,"8":2,"9":4,"10":4,"11":13,"12":0,"13":4,"14":3,"15":2,"16":7,"17":2,"18":1,"19":2,"20":1,"21":2,"22":0,"23":2,"24":1,"25":0,"26":3,"27":3,"28":0,"29":1},"b":{"0":[28,0,0],"1":[0,28],"2":[28,1],"3":[0,0],"4":[0,0],"5":[0,0],"6":[1,3],"7":[3,2,1],"8":[3,2,1],"9":[2,0],"10":[2,1],"11":[0,0],"12":[0,0],"13":[0,0],"14":[0,0],"15":[2,0],"16":[2,1],"17":[0,0],"18":[4,0],"19":[0,0],"20":[0,0],"21":[3],"22":[4,0],"23":[1,3],"24":[0,0],"25":[7,0],"26":[2,2,1],"27":[1,6],"28":[0,0],"29":[2,0],"30":[1,1,1],"31":[1,1],"32":[2,0],"33":[2,0],"34":[0,0],"35":[3,0],"36":[1,2],"37":[1,0],"38":[1,1],"39":[0,0],"40":[0,0],"41":[1,1],"42":[1,0],"43":[0,1]},"_coverageSchema":"1a1c01bbd47fc00a2c39e90264f33305004495a9","hash":"3a832f4b1ea65e092d2dbe5504776f0afe7703f3"}
,"C:\\ITMO\\Semester 5\\Fin_Dash_CICD\\fd\\backend\\services\\ReportService.js": {"path":"C:\\ITMO\\Semester 5\\Fin_Dash_CICD\\fd\\backend\\services\\ReportService.js","statementMap":{"0":{"start":{"line":7,"column":4},"end":{"line":7,"column":23}},"1":{"start":{"line":19,"column":4},"end":{"line":56,"column":5}},"2":{"start":{"line":22,"column":21},"end":{"line":38,"column":7}},"3":{"start":{"line":41,"column":26},"end":{"line":41,"column":68}},"4":{"start":{"line":43,"column":6},"end":{"line":46,"column":8}},"5":{"start":{"line":48,"column":6},"end":{"line":51,"column":8}},"6":{"start":{"line":52,"column":6},"end":{"line":55,"column":8}},"7":{"start":{"line":65,"column":4},"end":{"line":98,"column":5}},"8":{"start":{"line":66,"column":24},"end":{"line":66,"column":62}},"9":{"start":{"line":68,"column":21},"end":{"line":84,"column":7}},"10":{"start":{"line":74,"column":48},"end":{"line":74,"column":69}},"11":{"start":{"line":75,"column":44},"end":{"line":75,"column":62}},"12":{"start":{"line":79,"column":53},"end":{"line":79,"column":74}},"13":{"start":{"line":81,"column":49},"end":{"line":81,"column":67}},"14":{"start":{"line":86,"column":26},"end":{"line":86,"column":68}},"15":{"start":{"line":88,"column":6},"end":{"line":91,"column":8}},"16":{"start":{"line":93,"column":6},"end":{"line":93,"column":75}},"17":{"start":{"line":94,"column":6},"end":{"line":97,"column":8}},"18":{"start":{"line":107,"column":4},"end":{"line":120,"column":5}},"19":{"start":{"line":108,"column":16},"end":{"line":108,"column":45}},"20":{"start":{"line":110,"column":6},"end":{"line":110,"column":17}},"21":{"start":{"line":111,"column":11},"end":{"line":120,"column":5}},"22":{"start":{"line":112,"column":16},"end":{"line":112,"column":42}},"23":{"start":{"line":113,"column":6},"end":{"line":115,"column":9}},"24":{"start":{"line":114,"column":8},"end":{"line":114,"column":59}},"25":{"start":{"line":116,"column":6},"end":{"line":118,"column":9}},"26":{"start":{"line":117,"column":8},"end":{"line":117,"column":56}},"27":{"start":{"line":119,"column":6},"end":{"line":119,"column":17}},"28":{"start":{"line":121,"column":4},"end":{"line":121,"column":14}},"29":{"start":{"line":130,"column":4},"end":{"line":130,"column":43}}},"fnMap":{"0":{"name":"(anonymous_0)","decl":{"start":{"line":6,"column":2},"end":{"line":6,"column":3}},"loc":{"start":{"line":6,"column":24},"end":{"line":8,"column":3}},"line":6},"1":{"name":"(anonymous_1)","decl":{"start":{"line":18,"column":2},"end":{"line":18,"column":3}},"loc":{"start":{"line":18,"column":78},"end":{"line":57,"column":3}},"line":18},"2":{"name":"(anonymous_2)","decl":{"start":{"line":64,"column":2},"end":{"line":64,"column":3}},"loc":{"start":{"line":64,"column":40},"end":{"line":99,"column":3}},"line":64},"3":{"name":"(anonymous_3)","decl":{"start":{"line":74,"column":41},"end":{"line":74,"column":42}},"loc":{"start":{"line":74,"column":48},"end":{"line":74,"column":69}},"line":74},"4":{"name":"(anonymous_4)","decl":{"start":{"line":75,"column":37},"end":{"line":75,"column":38}},"loc":{"start":{"line":75,"column":44},"end":{"line":75,"column":62}},"line":75},"5":{"name":"(anonymous_5)","decl":{"start":{"line":79,"column":46},"end":{"line":79,"column":47}},"loc":{"start":{"line":79,"column":53},"end":{"line":79,"column":74}},"line":79},"6":{"name":"(anonymous_6)","decl":{"start":{"line":81,"column":42},"end":{"line":81,"column":43}},"loc":{"start":{"line":81,"column":49},"end":{"line":81,"column":67}},"line":81},"7":{"name":"(anonymous_7)","decl":{"start":{"line":106,"column":2},"end":{"line":106,"column":3}},"loc":{"start":{"line":106,"column":28},"end":{"line":122,"column":3}},"line":106},"8":{"name":"(anonymous_8)","decl":{"start":{"line":113,"column":47},"end":{"line":113,"column":48}},"loc":{"start":{"line":113,"column":56},"end":{"line":115,"column":7}},"line":113},"9":{"name":"(anonymous_9)","decl":{"start":{"line":116,"column":43},"end":{"line":116,"column":44}},"loc":{"start":{"line":116,"column":52},"end":{"line":118,"column":7}},"line":116},"10":{"name":"(anonymous_10)","decl":{"start":{"line":129,"column":2},"end":{"line":129,"column":3}},"loc":{"start":{"line":129,"column":29},"end":{"line":131,"column":3}},"line":129}},"branchMap":{"0":{"loc":{"start":{"line":107,"column":4},"end":{"line":120,"column":5}},"type":"if","locations":[{"start":{"line":107,"column":4},"end":{"line":120,"column":5}},{"start":{"line":111,"column":11},"end":{"line":120,"column":5}}],"line":107},"1":{"loc":{"start":{"line":111,"column":11},"end":{"line":120,"column":5}},"type":"if","locations":[{"start":{"line":111,"column":11},"end":{"line":120,"column":5}},{"start":{},"end":{}}],"line":111}},"s":{"0":16,"1":4,"2":4,"3":4,"4":3,"5":1,"6":1,"7":4,"8":4,"9":3,"10":5,"11":5,"12":5,"13":5,"14":3,"15":3,"16":1,"17":1,"18":4,"19":1,"20":1,"21":3,"22":2,"23":2,"24":2,"25":2,"26":1,"27":2,"28":1,"29":4},"f":{"0":16,"1":4,"2":4,"3":5,"4":5,"5":5,"6":5,"7":4,"8":2,"9":1,"10":4},"b":{"0":[1,3],"1":[2,1]},"_coverageSchema":"1a1c01bbd47fc00a2c39e90264f33305004495a9","hash":"55843fca63bca4932dcea1b1ebc7021fefeb33c8"}
}
