TN:
SF:backend\services\AlphaVantageService.js
FN:6,(anonymous_0)
FN:16,(anonymous_1)
FN:64,(anonymous_2)
FN:90,(anonymous_3)
FN:123,(anonymous_4)
FN:140,(anonymous_5)
FN:166,(anonymous_6)
FN:179,(anonymous_7)
FN:190,(anonymous_8)
FN:203,(anonymous_9)
FN:206,(anonymous_10)
FN:223,(anonymous_11)
FNF:12
FNH:12
FNDA:21,(anonymous_0)
FNDA:9,(anonymous_1)
FNDA:6,(anonymous_2)
FNDA:9,(anonymous_3)
FNDA:3,(anonymous_4)
FNDA:1,(anonymous_5)
FNDA:3,(anonymous_6)
FNDA:4,(anonymous_7)
FNDA:5,(anonymous_8)
FNDA:1,(anonymous_9)
FNDA:6,(anonymous_10)
FNDA:5,(anonymous_11)
DA:7,21
DA:8,21
DA:17,9
DA:18,9
DA:20,9
DA:21,8
DA:23,8
DA:24,3
DA:29,5
DA:30,5
DA:31,1
DA:34,4
DA:48,5
DA:49,5
DA:50,5
DA:65,6
DA:66,6
DA:67,6
DA:68,1
DA:69,5
DA:70,1
DA:71,4
DA:72,1
DA:75,6
DA:81,6
DA:82,6
DA:84,6
DA:85,1
DA:90,5
DA:91,9
DA:93,5
DA:94,1
DA:97,4
DA:98,4
DA:100,4
DA:109,2
DA:110,2
DA:124,3
DA:125,3
DA:127,3
DA:128,3
DA:130,3
DA:131,1
DA:136,2
DA:138,2
DA:140,1
DA:152,1
DA:153,1
DA:167,3
DA:168,3
DA:171,3
DA:172,4
DA:173,4
DA:174,3
DA:176,1
DA:179,4
DA:182,3
DA:191,5
DA:192,5
DA:193,6
DA:203,5
DA:207,6
DA:208,6
DA:224,5
DA:225,5
DA:226,5
DA:228,5
DA:229,137
DA:230,137
DA:231,137
DA:233,137
DA:243,5
LF:72
LH:72
BRDA:7,0,0,21
BRDA:7,0,1,0
BRDA:23,1,0,3
BRDA:23,1,1,5
BRDA:23,2,0,8
BRDA:23,2,1,6
BRDA:25,3,0,3
BRDA:25,3,1,1
BRDA:25,3,2,0
BRDA:30,4,0,1
BRDA:30,4,1,4
BRDA:30,5,0,5
BRDA:30,5,1,5
BRDA:64,6,0,0
BRDA:67,7,0,1
BRDA:67,7,1,5
BRDA:69,8,0,1
BRDA:69,8,1,4
BRDA:71,9,0,1
BRDA:71,9,1,3
BRDA:78,10,0,1
BRDA:78,10,1,5
BRDA:84,11,0,1
BRDA:84,11,1,5
BRDA:84,12,0,6
BRDA:84,12,1,5
BRDA:86,13,0,1
BRDA:86,13,1,0
BRDA:86,13,2,0
BRDA:93,14,0,1
BRDA:93,14,1,4
BRDA:98,15,0,4
BRDA:98,15,1,0
BRDA:102,16,0,4
BRDA:102,16,1,0
BRDA:130,17,0,1
BRDA:130,17,1,2
BRDA:130,18,0,3
BRDA:130,18,1,2
BRDA:132,19,0,1
BRDA:132,19,1,0
BRDA:132,19,2,0
BRDA:136,20,0,2
BRDA:136,20,1,0
BRDA:173,21,0,3
BRDA:173,21,1,1
BRDA:225,22,0,1
BRDA:225,22,1,4
BRDA:225,23,0,0
BRDA:225,23,1,4
BRF:50
BRH:39
end_of_record
TN:
SF:backend\services\AuthService.js
FN:9,(anonymous_0)
FN:19,(anonymous_1)
FN:99,(anonymous_2)
FN:122,(anonymous_3)
FNF:4
FNH:4
FNDA:20,(anonymous_0)
FNDA:8,(anonymous_1)
FNDA:15,(anonymous_2)
FNDA:8,(anonymous_3)
DA:10,20
DA:20,8
DA:22,8
DA:23,2
DA:29,6
DA:33,1
DA:40,5
DA:41,4
DA:47,4
DA:48,1
DA:56,3
DA:62,3
DA:65,3
DA:68,3
DA:71,3
DA:72,1
DA:79,2
DA:86,1
DA:87,1
DA:100,15
DA:102,15
DA:103,14
DA:106,1
DA:107,1
DA:109,1
DA:111,2
DA:112,2
DA:123,8
DA:124,8
DA:125,1
DA:131,7
DA:132,1
DA:139,6
DA:140,6
DA:141,1
DA:149,5
DA:150,4
DA:151,1
DA:154,1
DA:155,1
DA:156,1
DA:159,2
DA:165,3
DA:167,3
DA:168,2
DA:173,1
LF:46
LH:46
BRDA:19,0,0,7
BRDA:22,1,0,2
BRDA:22,1,1,6
BRDA:22,2,0,8
BRDA:22,2,1,7
BRDA:29,3,0,1
BRDA:29,3,1,5
BRDA:30,4,0,6
BRDA:30,4,1,4
BRDA:30,4,2,2
BRDA:30,4,3,1
BRDA:43,5,0,3
BRDA:43,5,1,1
BRDA:47,6,0,1
BRDA:47,6,1,3
BRDA:56,7,0,1
BRDA:56,7,1,2
BRDA:56,8,0,3
BRDA:56,8,1,1
BRDA:62,9,0,3
BRDA:62,9,1,0
BRDA:65,10,0,3
BRDA:65,10,1,0
BRDA:71,11,0,1
BRDA:71,11,1,2
BRDA:102,12,0,14
BRDA:102,12,1,1
BRDA:109,13,0,1
BRDA:109,13,1,0
BRDA:109,14,0,1
BRDA:109,14,1,1
BRDA:124,15,0,1
BRDA:124,15,1,7
BRDA:124,16,0,8
BRDA:124,16,1,7
BRDA:131,17,0,1
BRDA:131,17,1,6
BRDA:131,18,0,7
BRDA:131,18,1,6
BRDA:140,19,0,1
BRDA:140,19,1,5
BRDA:149,20,0,4
BRDA:149,20,1,1
BRDA:156,21,0,1
BRDA:156,21,1,0
BRDA:167,22,0,2
BRDA:167,22,1,1
BRDA:167,23,0,3
BRDA:167,23,1,2
BRDA:175,24,0,1
BRDA:175,24,1,0
BRF:51
BRH:46
end_of_record
TN:
SF:backend\services\CoinLayerService.js
FN:6,(anonymous_0)
FN:16,(anonymous_1)
FN:52,(anonymous_2)
FN:82,(anonymous_3)
FN:121,(anonymous_4)
FN:206,(anonymous_5)
FN:232,(anonymous_6)
FN:251,(anonymous_7)
FN:272,(anonymous_8)
FN:281,(anonymous_9)
FNF:10
FNH:10
FNDA:23,(anonymous_0)
FNDA:7,(anonymous_1)
FNDA:8,(anonymous_2)
FNDA:7,(anonymous_3)
FNDA:4,(anonymous_4)
FNDA:2,(anonymous_5)
FNDA:7,(anonymous_6)
FNDA:13,(anonymous_7)
FNDA:13,(anonymous_8)
FNDA:2,(anonymous_9)
DA:7,23
DA:8,23
DA:17,7
DA:19,7
DA:20,7
DA:22,7
DA:23,5
DA:25,5
DA:26,1
DA:29,4
DA:36,3
DA:37,3
DA:53,8
DA:54,8
DA:55,8
DA:56,6
DA:58,6
DA:59,3
DA:62,3
DA:63,3
DA:64,8
DA:65,8
DA:66,8
DA:67,5
DA:70,3
DA:72,2
DA:83,7
DA:85,7
DA:86,7
DA:88,7
DA:89,5
DA:91,5
DA:92,2
DA:95,3
DA:102,4
DA:103,4
DA:122,4
DA:123,4
DA:126,4
DA:127,4
DA:128,1
DA:138,3
DA:139,3
DA:140,3
DA:141,3
DA:142,3
DA:146,3
DA:147,3
DA:148,5
DA:149,5
DA:150,5
DA:151,5
DA:152,5
DA:157,3
DA:158,3
DA:159,3
DA:160,5
DA:161,5
DA:163,5
DA:166,3
DA:167,3
DA:168,5
DA:169,5
DA:170,5
DA:172,5
DA:173,0
DA:178,3
DA:179,3
DA:180,5
DA:181,0
DA:185,3
DA:193,0
DA:194,0
DA:207,2
DA:208,2
DA:210,2
DA:211,2
DA:213,2
DA:214,1
DA:217,1
DA:222,1
DA:223,1
DA:233,7
DA:234,7
DA:235,7
DA:236,7
DA:237,7
DA:238,7
DA:240,7
DA:241,15
DA:242,15
DA:243,15
DA:244,15
DA:245,15
DA:248,7
DA:252,13
DA:267,13
DA:268,1
DA:271,12
DA:272,12
DA:273,13
DA:274,12
DA:278,12
DA:282,2
LF:104
LH:100
BRDA:7,0,0,23
BRDA:7,0,1,0
BRDA:16,1,0,0
BRDA:19,2,0,6
BRDA:19,2,1,1
BRDA:25,3,0,1
BRDA:25,3,1,4
BRDA:26,4,0,1
BRDA:26,4,1,0
BRDA:33,5,0,4
BRDA:33,5,1,2
BRDA:58,6,0,3
BRDA:58,6,1,3
BRDA:58,7,0,6
BRDA:58,7,1,3
BRDA:64,8,0,8
BRDA:64,8,1,8
BRDA:65,9,0,6
BRDA:65,9,1,2
BRDA:66,10,0,5
BRDA:66,10,1,3
BRDA:66,11,0,8
BRDA:66,11,1,8
BRDA:66,11,2,6
BRDA:82,12,0,0
BRDA:85,13,0,7
BRDA:85,13,1,0
BRDA:91,14,0,2
BRDA:91,14,1,3
BRDA:92,15,0,2
BRDA:92,15,1,1
BRDA:99,16,0,3
BRDA:99,16,1,2
BRDA:127,17,0,1
BRDA:127,17,1,3
BRDA:141,18,0,3
BRDA:141,18,1,0
BRDA:141,19,0,3
BRDA:141,19,1,3
BRDA:149,20,0,5
BRDA:149,20,1,5
BRDA:150,21,0,5
BRDA:150,21,1,0
BRDA:151,22,0,5
BRDA:151,22,1,0
BRDA:151,23,0,5
BRDA:151,23,1,5
BRDA:151,23,2,5
BRDA:160,24,0,5
BRDA:160,24,1,0
BRDA:163,25,0,5
BRDA:163,25,1,0
BRDA:169,26,0,5
BRDA:169,26,1,0
BRDA:172,27,0,0
BRDA:172,27,1,5
BRDA:172,28,0,5
BRDA:172,28,1,5
BRDA:172,28,2,5
BRDA:180,29,0,0
BRDA:180,29,1,5
BRDA:180,30,0,5
BRDA:180,30,1,5
BRDA:181,31,0,0
BRDA:181,31,1,0
BRDA:181,31,2,0
BRDA:213,32,0,1
BRDA:213,32,1,1
BRDA:214,33,0,1
BRDA:214,33,1,1
BRDA:219,34,0,1
BRDA:219,34,1,0
BRDA:219,34,2,0
BRDA:251,35,0,0
BRDA:267,36,0,1
BRDA:267,36,1,12
BRDA:273,37,0,12
BRDA:273,37,1,1
BRF:78
BRH:59
end_of_record
TN:
SF:backend\services\DatabaseService.js
FN:10,(anonymous_0)
FN:32,(anonymous_1)
FN:45,(anonymous_2)
FN:86,(anonymous_3)
FN:111,(anonymous_4)
FN:122,(anonymous_5)
FN:124,(anonymous_6)
FN:153,(anonymous_7)
FN:161,(anonymous_8)
FN:163,(anonymous_9)
FN:179,(anonymous_10)
FN:182,(anonymous_11)
FN:206,(anonymous_12)
FN:220,(anonymous_13)
FN:222,(anonymous_14)
FN:224,(anonymous_15)
FN:249,(anonymous_16)
FN:252,(anonymous_17)
FN:259,(anonymous_18)
FN:292,(anonymous_19)
FN:295,(anonymous_20)
FN:317,(anonymous_21)
FN:320,(anonymous_22)
FN:345,(anonymous_23)
FN:347,(anonymous_24)
FN:355,(anonymous_25)
FN:366,(anonymous_26)
FN:371,(anonymous_27)
FN:374,(anonymous_28)
FN:395,(anonymous_29)
FNF:30
FNH:23
FNDA:28,(anonymous_0)
FNDA:0,(anonymous_1)
FNDA:29,(anonymous_2)
FNDA:0,(anonymous_3)
FNDA:4,(anonymous_4)
FNDA:2,(anonymous_5)
FNDA:4,(anonymous_6)
FNDA:0,(anonymous_7)
FNDA:2,(anonymous_8)
FNDA:4,(anonymous_9)
FNDA:4,(anonymous_10)
FNDA:13,(anonymous_11)
FNDA:0,(anonymous_12)
FNDA:4,(anonymous_13)
FNDA:3,(anonymous_14)
FNDA:2,(anonymous_15)
FNDA:7,(anonymous_16)
FNDA:2,(anonymous_17)
FNDA:1,(anonymous_18)
FNDA:2,(anonymous_19)
FNDA:1,(anonymous_20)
FNDA:2,(anonymous_21)
FNDA:0,(anonymous_22)
FNDA:2,(anonymous_23)
FNDA:1,(anonymous_24)
FNDA:0,(anonymous_25)
FNDA:3,(anonymous_26)
FNDA:3,(anonymous_27)
FNDA:0,(anonymous_28)
FNDA:1,(anonymous_29)
DA:7,1
DA:13,28
DA:25,28
DA:28,28
DA:29,0
DA:32,0
DA:33,0
DA:36,28
DA:39,28
DA:40,28
DA:46,29
DA:47,28
DA:48,28
DA:49,28
DA:53,28
DA:55,28
DA:57,28
DA:59,28
DA:66,28
DA:73,28
DA:80,28
DA:81,28
DA:87,0
DA:88,0
DA:91,0
DA:94,0
DA:95,0
DA:96,0
DA:101,0
DA:106,0
DA:112,4
DA:113,3
DA:123,2
DA:124,4
DA:125,2
DA:128,0
DA:129,0
DA:134,0
DA:135,0
DA:136,0
DA:139,0
DA:141,0
DA:144,0
DA:147,0
DA:148,0
DA:151,0
DA:152,0
DA:153,0
DA:154,0
DA:156,0
DA:157,0
DA:162,2
DA:163,4
DA:164,2
DA:167,0
DA:168,0
DA:172,0
DA:174,0
DA:175,0
DA:180,4
DA:181,4
DA:182,13
DA:187,4
DA:188,4
DA:191,0
DA:192,0
DA:196,0
DA:199,0
DA:200,0
DA:203,0
DA:204,0
DA:205,0
DA:206,0
DA:211,0
DA:212,0
DA:214,0
DA:215,0
DA:221,4
DA:222,4
DA:223,4
DA:224,2
DA:226,4
DA:229,0
DA:231,0
DA:232,0
DA:234,0
DA:235,0
DA:236,0
DA:239,0
DA:241,0
DA:242,0
DA:244,0
DA:245,0
DA:250,7
DA:251,7
DA:252,2
DA:254,7
DA:255,1
DA:258,6
DA:259,1
DA:265,6
DA:266,6
DA:269,0
DA:271,0
DA:276,0
DA:277,0
DA:281,0
DA:285,0
DA:287,0
DA:288,0
DA:293,2
DA:294,2
DA:295,1
DA:297,2
DA:298,1
DA:299,1
DA:301,1
DA:304,0
DA:305,0
DA:309,0
DA:311,0
DA:312,0
DA:318,2
DA:319,2
DA:320,0
DA:325,2
DA:326,2
DA:329,0
DA:330,0
DA:331,0
DA:335,0
DA:340,0
DA:341,0
DA:346,2
DA:347,2
DA:350,0
DA:351,0
DA:355,0
DA:360,0
DA:361,0
DA:367,3
DA:369,3
DA:370,1
DA:371,3
DA:373,0
DA:374,0
DA:376,2
DA:377,1
DA:378,1
DA:379,1
DA:382,1
DA:385,0
DA:386,0
DA:387,0
DA:389,0
DA:390,0
DA:396,1
DA:397,0
LF:158
LH:69
BRDA:26,0,0,28
BRDA:26,0,1,0
BRDA:26,0,2,0
BRDA:28,1,0,0
BRDA:28,1,1,28
BRDA:46,2,0,28
BRDA:46,2,1,1
BRDA:87,3,0,0
BRDA:87,3,1,0
BRDA:98,4,0,0
BRDA:98,4,1,0
BRDA:103,5,0,0
BRDA:103,5,1,0
BRDA:112,6,0,1
BRDA:112,6,1,3
BRDA:116,7,0,3
BRDA:116,7,1,2
BRDA:116,7,2,1
BRDA:117,8,0,3
BRDA:117,8,1,2
BRDA:117,8,2,1
BRDA:123,9,0,2
BRDA:123,9,1,0
BRDA:125,10,0,2
BRDA:125,10,1,1
BRDA:134,11,0,0
BRDA:134,11,1,0
BRDA:147,12,0,0
BRDA:147,12,1,0
BRDA:147,13,0,0
BRDA:147,13,1,0
BRDA:154,14,0,0
BRDA:154,14,1,0
BRDA:162,15,0,2
BRDA:162,15,1,0
BRDA:164,16,0,2
BRDA:164,16,1,1
BRDA:172,17,0,0
BRDA:172,17,1,0
BRDA:180,18,0,4
BRDA:180,18,1,0
BRDA:199,19,0,0
BRDA:199,19,1,0
BRDA:199,20,0,0
BRDA:199,20,1,0
BRDA:220,21,0,3
BRDA:221,22,0,4
BRDA:221,22,1,0
BRDA:223,23,0,1
BRDA:223,23,1,3
BRDA:234,24,0,0
BRDA:234,24,1,0
BRDA:250,25,0,7
BRDA:250,25,1,0
BRDA:252,26,0,2
BRDA:252,26,1,2
BRDA:252,26,2,1
BRDA:254,27,0,1
BRDA:254,27,1,6
BRDA:276,28,0,0
BRDA:276,28,1,0
BRDA:293,29,0,2
BRDA:293,29,1,0
BRDA:295,30,0,1
BRDA:295,30,1,1
BRDA:295,30,2,1
BRDA:297,31,0,1
BRDA:297,31,1,1
BRDA:318,32,0,2
BRDA:318,32,1,0
BRDA:346,33,0,2
BRDA:346,33,1,0
BRDA:357,34,0,0
BRDA:357,34,1,0
BRDA:367,35,0,3
BRDA:367,35,1,0
BRDA:369,36,0,1
BRDA:369,36,1,2
BRDA:370,37,0,1
BRDA:370,37,1,0
BRDA:370,38,0,1
BRDA:370,38,1,1
BRDA:373,39,0,0
BRDA:373,39,1,0
BRDA:373,40,0,0
BRDA:373,40,1,0
BRDA:376,41,0,1
BRDA:376,41,1,1
BRDA:377,42,0,1
BRDA:377,42,1,0
BRDA:396,43,0,0
BRDA:396,43,1,1
BRF:92
BRH:47
end_of_record
TN:
SF:backend\services\ReportService.js
FN:6,(anonymous_0)
FN:18,(anonymous_1)
FN:64,(anonymous_2)
FN:74,(anonymous_3)
FN:75,(anonymous_4)
FN:79,(anonymous_5)
FN:81,(anonymous_6)
FN:106,(anonymous_7)
FN:113,(anonymous_8)
FN:116,(anonymous_9)
FN:129,(anonymous_10)
FNF:11
FNH:11
FNDA:16,(anonymous_0)
FNDA:4,(anonymous_1)
FNDA:4,(anonymous_2)
FNDA:5,(anonymous_3)
FNDA:5,(anonymous_4)
FNDA:5,(anonymous_5)
FNDA:5,(anonymous_6)
FNDA:4,(anonymous_7)
FNDA:2,(anonymous_8)
FNDA:1,(anonymous_9)
FNDA:4,(anonymous_10)
DA:7,16
DA:19,4
DA:22,4
DA:41,4
DA:43,3
DA:48,1
DA:52,1
DA:65,4
DA:66,4
DA:68,3
DA:74,5
DA:75,5
DA:79,5
DA:81,5
DA:86,3
DA:88,3
DA:93,1
DA:94,1
DA:107,4
DA:108,1
DA:110,1
DA:111,3
DA:112,2
DA:113,2
DA:114,2
DA:116,2
DA:117,1
DA:119,2
DA:121,1
DA:130,4
LF:30
LH:30
BRDA:107,0,0,1
BRDA:107,0,1,3
BRDA:111,1,0,2
BRDA:111,1,1,1
BRF:4
BRH:4
end_of_record
